['promptPhotons;10', 'fakePhotons;6']
['promptPhotons;9', 'promptPhotons;8', 'fakePhotons;7', 'fakePhotons;6']
df_p =              SCRawE        r9  sigmaIetaIeta  etaWidth  phiWidth  ...  phoIso03  chgIsoWrtChosenVtx  chgIsoWrtWorstVtx     scEta        rho
0         38.197430  0.628832       0.005989  0.006889  0.050730  ...  0.000000            0.571777           0.571777  1.166451   5.123494
1         56.586864  0.962992       0.009434  0.008753  0.009725  ...  0.710449            0.000000           1.109863 -0.675846  16.700195
2         20.952127  0.980506       0.009793  0.010586  0.007089  ...  4.233643            0.225708           2.168701  0.404601  22.115641
3         37.376698  0.975893       0.009365  0.009679  0.007891  ...  0.000000            1.651123           1.651123 -0.035918   9.284255
4         71.609634  0.959372       0.009621  0.010365  0.007991  ...  0.677246            0.000000           1.543945 -0.390992  17.616125
5         72.674393  0.902395       0.009503  0.007392  0.029790  ...  0.435059            2.596924           2.596924 -1.088054  14.731055
6         33.419785  0.962410       0.009426  0.010728  0.055087  ...  0.202881            0.000000           0.749512 -1.046930   9.075946
7         56.224476  0.966563       0.010090  0.010116  0.007775  ...  0.837891            0.000000           2.830566 -0.996825  34.321690
8         40.230087  0.967080       0.009682  0.010005  0.006845  ...  0.000000            0.000000           3.113281 -0.320721   6.848582
9         40.301758  0.952585       0.009376  0.008642  0.010151  ...  3.680664            0.000000           4.138672 -0.696390  38.736580
10        40.523228  0.942866       0.007990  0.007134  0.015134  ...  0.641602            3.544434           3.544434  0.291131  11.647137
11        59.356792  0.800398       0.008817  0.009576  0.045308  ...  0.200928            2.946777           2.946777  1.292904  26.126934
12        35.513378  0.960530       0.009621  0.007760  0.010956  ...  1.196289            0.000000           1.281250 -1.004695  19.310980
13        39.859028  0.864711       0.009869  0.009100  0.023930  ...  0.000000            0.000000           0.801025 -0.238245  20.433762
14        34.806183  0.947332       0.008289  0.009374  0.042735  ...  2.332275            0.442627           4.355469  0.803008  11.727800
15        37.292355  0.958436       0.009105  0.008823  0.010941  ...  1.499023            0.000000           1.024902 -0.180527  14.822550
16        33.837898  0.991429       0.008320  0.005521  0.006376  ...  0.405762            0.000000           1.782715  0.341470   9.372698
17        40.497761  0.937272       0.009096  0.010270  0.032872  ...  0.569824            1.413574           1.413574 -0.299082   3.815798
18        29.503849  0.968171       0.009900  0.007372  0.048665  ...  0.000000            1.238281           1.780273  0.465977  26.888613
19        60.498375  0.957346       0.010687  0.012114  0.039212  ...  0.735352            0.000000           1.803711 -1.021899  15.504650
20        35.544189  0.969169       0.008700  0.007476  0.008654  ...  2.634766            1.159180           1.382812  0.187108   7.661002
21        44.680981  0.969475       0.009412  0.007411  0.008615  ...  5.542480            0.000000           2.510986  0.503153  33.524815
22        41.673660  0.949063       0.008964  0.008336  0.011637  ...  0.000000            0.000000           0.000000 -0.721933   3.182283
23        25.323578  0.971134       0.010287  0.008811  0.007443  ...  4.273682            9.610352           9.610352  0.145944  28.673191
24        23.219933  0.722924       0.008894  0.010776  0.036524  ...  0.000000            0.000000           0.511230 -0.184478  21.217915
25        32.547283  0.981519       0.009422  0.008693  0.007259  ...  0.000000            0.000000           0.352051  0.493184   1.966536
26        79.240204  0.691604       0.006544  0.010462  0.062497  ...  0.000000            0.882812           0.882812 -1.322395   6.597126
27        38.360920  0.953776       0.009608  0.008019  0.028777  ...  2.776367            1.546631           4.626709 -0.217590  45.453083
28        56.013432  0.576183       0.008936  0.009246  0.022250  ...  0.394287            0.000000           0.404053 -0.840343   6.913640
29        44.399101  0.950457       0.009208  0.008381  0.009112  ...  0.000000            0.000000           0.713867  0.489656   6.881933
...             ...       ...            ...       ...       ...  ...       ...                 ...                ...       ...        ...
2356084   48.838688  0.965053       0.009317  0.008158  0.009702  ...  2.997070            1.664062           1.664062  0.296696  28.700222
2356085   79.038681  0.953104       0.009110  0.008969  0.010029  ...  0.335938            0.000000           0.923828 -0.086439  16.110537
2356086   38.237667  0.952921       0.007566  0.007303  0.054970  ...  2.781006            0.000000           0.824219 -0.013440  17.514862
2356087   57.421383  0.958337       0.009075  0.013106  0.056921  ...  2.166382            0.000000           2.576172  0.929055  24.646994
2356088   61.188904  0.924571       0.008824  0.008265  0.038924  ...  1.497070            0.000000           2.310547 -0.622974  20.538891
2356089   59.312134  0.902495       0.008664  0.008028  0.029900  ...  2.047119            0.000000           1.497070  0.042174  13.834158
2356090   68.504700  0.960250       0.009591  0.009366  0.009093  ...  0.332275            0.000000           0.000000 -0.042670   7.287831
2356091   83.745262  0.951697       0.009573  0.008038  0.024373  ...  1.462769            0.182373           3.438477  0.984663  21.050817
2356092  101.657784  0.937628       0.009010  0.010186  0.013736  ...  0.634277            0.461426           1.829102  0.197054  15.131197
2356093   76.405983  0.935564       0.008435  0.008234  0.032574  ...  0.510254            1.441406           2.529297  0.156169   9.949345
2356094   47.731148  0.925407       0.009194  0.012362  0.072199  ...  1.440918            0.444092           3.537598 -1.030226  31.511765
2356095   47.124809  0.940045       0.009106  0.010807  0.010799  ...  0.306885            0.000000           1.165039  0.107226   9.017806
2356096   91.196724  0.581785       0.008554  0.008709  0.020660  ...  0.000000            0.479736           0.692871 -0.773359  12.443562
2356097   70.116943  0.967013       0.009809  0.009416  0.051913  ...  2.110107            0.000000           1.063477 -1.132953  18.249828
2356098   59.666378  0.945512       0.008879  0.009086  0.054074  ...  2.273926            0.000000           3.068359 -0.398703  24.531816
2356099   42.208740  0.972122       0.009850  0.007694  0.009702  ...  1.791504            0.000000           1.770508  0.481264  23.227415
2356100   60.614510  0.967786       0.009433  0.007695  0.008245  ...  0.317627            3.581055           3.581055  0.497691  11.754059
2356101   50.798042  0.941726       0.009131  0.010423  0.011924  ...  0.270020            2.531250           2.531250  0.566206  16.678654
2356102   81.019783  0.785970       0.008723  0.010597  0.035167  ...  0.176758            0.000000           0.937500 -1.344663   8.380981
2356103   57.111122  0.956096       0.009793  0.009444  0.009666  ...  0.686035            0.747559           1.250000 -0.051792  25.550035
2356104  106.259048  0.858690       0.008630  0.010450  0.051673  ...  1.251587            0.920898           1.495361  1.342674  29.323261
2356105   69.265770  0.733781       0.008164  0.008183  0.040183  ...  0.542969            0.000000           1.890625 -0.925333  10.992338
2356106  137.189377  0.954032       0.008839  0.007553  0.011993  ...  3.331299            0.000000           0.722168 -0.540861  17.329674
2356107   58.781559  0.964637       0.009623  0.007866  0.008188  ...  0.000000            0.000000           0.313477  0.713462   7.393294
2356108   75.906166  0.953972       0.008754  0.006841  0.014741  ...  3.475586            1.988770           3.656738 -0.306011  13.431068
2356109   95.470657  0.951292       0.008771  0.012175  0.032422  ...  0.726196            0.000000           2.572266 -1.345708  20.410959
2356110   73.801582  0.938814       0.009010  0.009574  0.010864  ...  4.007812            0.903076           3.142578 -0.209838  26.985403
2356111  113.851624  0.959025       0.009044  0.009051  0.009117  ...  0.319824            0.000000           0.500977 -0.033410  16.926119
2356112   91.213219  0.930189       0.009037  0.009910  0.021605  ...  0.421143            2.899170           4.219482 -0.492212  33.314880
2356113   25.745699  0.976777       0.009754  0.007373  0.007752  ...  1.397217            0.000000           3.143555 -0.068172  24.421909

[2356114 rows x 12 columns]
df_f =              SCRawE        r9  sigmaIetaIeta  etaWidth  phiWidth  ...  phoIso03  chgIsoWrtChosenVtx  chgIsoWrtWorstVtx     scEta        rho
0         24.854282  0.943238       0.012389  0.006123  0.077950  ...  6.966309            0.385010           1.271729 -0.537888  26.643995
1         20.241022  0.966064       0.007818  0.006190  0.012465  ...  1.187500           20.220703          20.220703  0.045564  28.998392
2         22.430553  0.511210       0.012478  0.012518  0.064893  ...  1.709473            5.738281           5.738281 -0.277020   7.747541
3         24.303011  0.940415       0.009557  0.009074  0.030106  ...  1.608398            0.704590           1.193359  0.158947  14.731055
4         26.204378  0.857571       0.009682  0.008694  0.024188  ...  7.204590            8.929688           8.929688 -0.106012  32.104958
5         60.403179  0.972854       0.009780  0.006556  0.008692  ...  2.889404            0.000000           0.968018  0.972239   9.075946
6         33.074184  0.921674       0.009260  0.007495  0.032880  ...  1.185303            0.000000           1.536133  0.622066  16.037695
7         32.482056  0.908644       0.012619  0.009355  0.048094  ...  5.524170            0.452148           2.754150  0.232277  18.597424
8         34.557266  0.871218       0.009470  0.008686  0.047892  ...  4.012207            0.000000           6.210938  0.232893  34.321690
9         40.314354  0.750160       0.009905  0.010442  0.092207  ...  2.484131            0.000000           5.369263  1.257005   6.848582
10        31.489538  0.912246       0.009953  0.008984  0.060939  ...  5.799316            1.710938           1.710938 -0.297565  26.126934
11        24.809061  0.914322       0.009623  0.008833  0.015088  ...  1.147461            0.000000           2.164062  0.599390  20.613749
12        21.346415  0.939519       0.008639  0.009957  0.012107  ...  1.884521           14.854248          14.854248  0.492270  30.369400
13        56.685993  0.935493       0.011343  0.009229  0.046401  ...  1.159912            0.945801           2.166016 -1.443886  26.888613
14        27.890215  0.985293       0.008770  0.008914  0.009553  ...  4.029785            5.343750           5.343750  0.631396  28.250082
15        31.457197  0.975788       0.010018  0.006838  0.009476  ...  1.855225            0.000000           1.192383  0.130830  15.504650
16        55.603626  0.927938       0.009156  0.013270  0.053710  ...  0.000000            4.921143           4.921143 -1.374394   7.661002
17        20.518019  0.874281       0.011177  0.009702  0.020830  ...  2.023438            4.447266           4.447266 -0.165887   6.652103
18        41.714520  0.950002       0.010069  0.012135  0.060694  ...  6.352783            2.071411           3.532715 -0.928603  33.524815
19        52.503483  0.598545       0.008527  0.009155  0.034479  ...  1.456055            3.447266           3.447266  1.150612   3.182283
20        37.848679  0.824298       0.010018  0.007614  0.017870  ...  0.000000            0.000000           0.000000 -0.890720   1.186119
21        29.265892  0.563176       0.008532  0.009967  0.055207  ...  1.761719            1.250977           2.866211  0.850871  10.405606
22        32.775116  0.656047       0.009655  0.008375  0.049501  ...  4.743652           13.867188          13.867188 -1.045977   6.881933
23        39.883839  0.738102       0.008733  0.009510  0.038146  ...  0.815674            2.329834           3.747070 -0.858981  18.664972
24        27.949663  0.534829       0.008946  0.008625  0.065644  ...  3.057861            6.453125           6.453125  0.367560  22.025314
25        22.140099  0.995747       0.008765  0.006508  0.007090  ...  5.677979            0.464600           5.398926 -0.418073  18.193926
26        35.104954  0.980569       0.010348  0.009084  0.006475  ...  4.558594            5.585938           5.585938 -0.996173  16.456573
27        21.138048  0.517689       0.009659  0.010034  0.019435  ...  3.308105            7.677734           7.677734  0.225917  12.531920
28        25.671658  0.951237       0.010388  0.009711  0.013276  ...  4.338989            4.415527           4.415527  0.896807  23.934702
29        36.519489  0.967102       0.010645  0.010262  0.009709  ...  2.222168            0.999512           2.119629 -0.286687  27.530924
...             ...       ...            ...       ...       ...  ...       ...                 ...                ...       ...        ...
1726091   32.314800  0.903511       0.011053  0.007679  0.058069  ...  0.277100            5.987305           5.987305  0.936520  16.200905
1726092   22.596252  0.917386       0.011455  0.009745  0.051136  ...  0.000000            4.010742           4.010742  0.089955  12.997905
1726093   39.981861  0.960302       0.008774  0.010220  0.007908  ...  1.708984            1.251465           4.103027  0.247849  33.059750
1726094   51.123039  0.961614       0.010037  0.009465  0.038964  ...  4.086182            0.940918           1.499023 -0.873337   9.476657
1726095   51.377800  0.622203       0.010511  0.011232  0.048280  ...  2.584229            3.652954           3.652954  1.061989  38.760258
1726096   39.394543  0.926941       0.011821  0.012631  0.020944  ...  4.725220            0.382568           2.830078  0.987032  12.344337
1726097   40.416706  0.719426       0.012858  0.022087  0.051580  ...  1.618652            5.339844           5.339844  0.366570  24.488281
1726098   46.125107  0.617288       0.009035  0.009305  0.074101  ...  2.068359            4.911133           4.911133  1.376154  10.245704
1726099   86.210358  0.669569       0.008533  0.008547  0.061280  ...  2.097534           12.457031          12.457031 -1.151386  29.019857
1726100   34.913593  0.942236       0.011266  0.009451  0.010531  ...  0.373535           28.228516          28.228516  0.606385  11.799234
1726101   38.187668  0.800548       0.014691  0.050737  0.189077  ...  2.931763            6.585449           6.585449 -1.179508  30.320913
1726102   38.529339  0.952549       0.009081  0.011780  0.009782  ...  3.419922            7.595947           7.595947  0.279103  16.419567
1726103   51.358738  0.795560       0.011540  0.010559  0.016963  ...  3.182617            0.572266           1.802246 -0.117850  25.653450
1726104   44.591240  0.784547       0.008539  0.008593  0.031022  ...  0.753174            1.123779           5.537842  0.672455  34.711273
1726105   38.962307  0.793030       0.011653  0.010693  0.049543  ...  3.841553           11.169922          11.169922  0.801549  28.700222
1726106   41.004948  0.958272       0.010115  0.009142  0.010934  ...  6.090088            0.833740           8.602539  0.052251  24.646994
1726107   55.909500  0.930653       0.013076  0.007225  0.029275  ...  2.552246            0.000000           2.109375 -0.707877  20.538891
1726108   46.009197  0.750859       0.008849  0.008742  0.028020  ...  1.842529            4.533203           4.533203 -1.000636   7.287831
1726109   22.477592  0.941994       0.010884  0.008663  0.034830  ...  3.591797            8.171875           8.171875 -0.483655  21.050817
1726110   24.019903  0.849037       0.010855  0.010662  0.045672  ...  0.814941            2.390625           2.445312 -0.030862   9.949345
1726111   35.270744  0.894915       0.012347  0.011087  0.017070  ...  1.584961            7.514893           7.514893  0.220468   9.017806
1726112   67.059021  0.920629       0.010309  0.010354  0.027651  ...  2.968262            6.560059           6.560059  0.842507  12.443562
1726113   37.744991  0.916996       0.012701  0.012176  0.015572  ...  5.009766            8.413818           8.413818 -0.214666  23.227415
1726114   19.333948  0.955075       0.010021  0.009544  0.011336  ...  3.734131            8.322266           8.322266 -0.058181  26.061647
1726115   38.332375  0.790178       0.013464  0.010615  0.070910  ...  2.993896            5.026611           5.026611 -1.033386  16.678654
1726116   68.440842  0.579466       0.009023  0.015322  0.084602  ...  4.719604            0.000000           2.146484  0.967590  14.003802
1726117  140.345352  0.901958       0.012431  0.010949  0.028846  ...  1.957764            4.737305           4.737305 -0.694013  17.329674
1726118   81.509613  0.823399       0.010334  0.013874  0.046868  ...  1.812012            5.800049           5.800049 -0.019305  13.431068
1726119   30.939289  0.935182       0.007890  0.007793  0.045136  ...  2.905273            3.114746           3.114746  0.449984  20.410959
1726120   59.806885  0.788959       0.012610  0.014482  0.079136  ...  3.158203            0.000000           3.130127 -1.067464  33.314880

[1726121 rows x 12 columns]
corr_p =                       SCRawE        r9  sigmaIetaIeta  etaWidth  phiWidth  ...  phoIso03  chgIsoWrtChosenVtx  chgIsoWrtWorstVtx     scEta       rho
SCRawE              1.000000  0.027275      -0.095804  0.038790 -0.020641  ...  0.015958           -0.047789          -0.015270 -0.001562  0.040690
r9                  0.027275  1.000000       0.348782 -0.203577 -0.461732  ... -0.028565           -0.023862          -0.027737 -0.001394 -0.019324
sigmaIetaIeta      -0.095804  0.348782       1.000000  0.003325 -0.148873  ...  0.042758            0.024716           0.034054 -0.010159  0.035887
etaWidth            0.038790 -0.203577       0.003325  1.000000  0.462734  ...  0.066647            0.024148           0.056308 -0.010090  0.133954
phiWidth           -0.020641 -0.461732      -0.148873  0.462734  1.000000  ...  0.118295            0.056733           0.098122  0.001449  0.173874
covIEtaIPhi         0.035419 -0.009232      -0.009112 -0.021259  0.034239  ... -0.000175           -0.000359          -0.001556  0.008064  0.000123
s4                 -0.026868  0.761184       0.402967 -0.093257 -0.264255  ... -0.022829           -0.008619          -0.013226 -0.001838 -0.009248
phoIso03            0.015958 -0.028565       0.042758  0.066647  0.118295  ...  1.000000            0.122862           0.263770 -0.002487  0.445862
chgIsoWrtChosenVtx -0.047789 -0.023862       0.024716  0.024148  0.056733  ...  0.122862            1.000000           0.474877 -0.002461  0.075189
chgIsoWrtWorstVtx  -0.015270 -0.027737       0.034054  0.056308  0.098122  ...  0.263770            0.474877           1.000000 -0.005024  0.313918
scEta              -0.001562 -0.001394      -0.010159 -0.010090  0.001449  ... -0.002487           -0.002461          -0.005024  1.000000  0.000170
rho                 0.040690 -0.019324       0.035887  0.133954  0.173874  ...  0.445862            0.075189           0.313918  0.000170  1.000000

[12 rows x 12 columns]
corr_f =                       SCRawE        r9  sigmaIetaIeta  etaWidth  phiWidth  ...  phoIso03  chgIsoWrtChosenVtx  chgIsoWrtWorstVtx     scEta       rho
SCRawE              1.000000 -0.093288      -0.113063  0.089735  0.062159  ... -0.020264           -0.029477          -0.033867 -0.002095  0.039403
r9                 -0.093288  1.000000      -0.046295 -0.343158 -0.503476  ... -0.035910            0.006156           0.032433 -0.001570 -0.018391
sigmaIetaIeta      -0.113063 -0.046295       1.000000  0.308922  0.001267  ...  0.121489            0.030585           0.043180 -0.006126  0.029458
etaWidth            0.089735 -0.343158       0.308922  1.000000  0.476611  ...  0.051470           -0.027439          -0.026077 -0.006062  0.091320
phiWidth            0.062159 -0.503476       0.001267  0.476611  1.000000  ...  0.085355           -0.007852          -0.011301  0.003501  0.119796
covIEtaIPhi         0.011544 -0.007976      -0.000882  0.002012  0.010229  ... -0.000018           -0.000942          -0.001617  0.001425 -0.002028
s4                 -0.075559  0.554632      -0.243359 -0.223371 -0.167310  ... -0.061071           -0.014560          -0.009742  0.000833 -0.015212
phoIso03           -0.020264 -0.035910       0.121489  0.051470  0.085355  ...  1.000000            0.042738           0.110053 -0.001548  0.357913
chgIsoWrtChosenVtx -0.029477  0.006156       0.030585 -0.027439 -0.007852  ...  0.042738            1.000000           0.672902 -0.005133 -0.016857
chgIsoWrtWorstVtx  -0.033867  0.032433       0.043180 -0.026077 -0.011301  ...  0.110053            0.672902           1.000000 -0.006818  0.133365
scEta              -0.002095 -0.001570      -0.006126 -0.006062  0.003501  ... -0.001548           -0.005133          -0.006818  1.000000 -0.000118
rho                 0.039403 -0.018391       0.029458  0.091320  0.119796  ...  0.357913           -0.016857           0.133365 -0.000118  1.000000

[12 rows x 12 columns]
SCRawE_p = [array([ 38.19743 ,  56.586864,  20.952127, ..., 113.85162 ,  91.21322 ,
        25.745699], dtype=float32)]
r9_p = [array([0.6288324 , 0.9629925 , 0.98050594, ..., 0.9590248 , 0.93018895,
       0.97677684], dtype=float32)]
sigmaIetaIeta_p = [array([0.00598905, 0.009434  , 0.00979286, ..., 0.00904362, 0.00903653,
       0.00975388], dtype=float32)]
etaWidth_p = [array([0.006889  , 0.00875263, 0.01058577, ..., 0.00905143, 0.00991017,
       0.00737288], dtype=float32)]
phiWidth_p = [array([0.05072959, 0.00972477, 0.0070895 , ..., 0.00911664, 0.02160475,
       0.00775201], dtype=float32)]
covIEtaIPhi_p = [array([ 2.7271694e-06,  1.0579140e-05,  2.1954174e-06, ...,
        1.9032279e-05, -6.5548729e-06, -2.1141910e-05], dtype=float32)]
s4_p = [array([0.6143292 , 0.9050678 , 0.9197775 , ..., 0.90847254, 0.9236065 ,
       0.9152271 ], dtype=float32)]
phoIso03_p = [array([0.        , 0.7104492 , 4.2336426 , ..., 0.31982422, 0.42114258,
       1.3972168 ], dtype=float32)]
chgIsoWrtChosenVtx_p = [array([0.57177734, 0.        , 0.22570801, ..., 0.        , 2.89917   ,
       0.        ], dtype=float32)]
chgIsoWrtWorstVtx_p = [array([0.57177734, 1.1098633 , 2.1687012 , ..., 0.50097656, 4.2194824 ,
       3.1435547 ], dtype=float32)]
scEta_p = [array([ 1.1664512 , -0.6758462 ,  0.40460077, ..., -0.03340993,
       -0.4922123 , -0.06817152], dtype=float32)]
rho_p = [array([ 5.123494, 16.700195, 22.11564 , ..., 16.926119, 33.31488 ,
       24.42191 ], dtype=float32)]
SCRawE_f = [array([24.854282, 20.241022, 22.430553, ..., 81.50961 , 30.93929 ,
       59.806885], dtype=float32)]
r9_f = [array([0.94323844, 0.9660639 , 0.5112104 , ..., 0.8233988 , 0.9351817 ,
       0.788959  ], dtype=float32)]
sigmaIetaIeta_f [array([0.01238945, 0.00781802, 0.01247772, ..., 0.01033366, 0.00789044,
       0.01261041], dtype=float32)]
etaWidth_f = [array([0.00612294, 0.00618979, 0.0125177 , ..., 0.01387441, 0.00779295,
       0.01448156], dtype=float32)]
phiWidth_f = [array([0.07795019, 0.01246497, 0.06489331, ..., 0.04686826, 0.04513614,
       0.07913607], dtype=float32)]
covIEtaIPhi_f = [array([-6.8800684e-05,  1.1213379e-05,  2.1176666e-05, ...,
       -6.4675558e-05, -2.4849649e-06,  5.9819835e-05], dtype=float32)]
s4_f = [array([0.8733032 , 0.87574726, 0.7440392 , ..., 0.7634426 , 0.86513174,
       0.78868747], dtype=float32)]
phoIso03_f = [array([6.9663086, 1.1875   , 1.7094727, ..., 1.8120117, 2.9052734,
       3.1582031], dtype=float32)]
chgIsoWrtChosenVtx_f = [array([ 0.38500977, 20.220703  ,  5.7382812 , ...,  5.800049  ,
        3.114746  ,  0.        ], dtype=float32)]
chgIsoWrtWorstVtx_f = [array([ 1.2717285, 20.220703 ,  5.7382812, ...,  5.800049 ,  3.114746 ,
        3.130127 ], dtype=float32)]
scEta_f = [array([-0.5378879 ,  0.04556434, -0.27702025, ..., -0.01930502,
        0.4499843 , -1.067464  ], dtype=float32)]
rho_f = [array([26.643995, 28.998392,  7.747541, ..., 13.431068, 20.41096 ,
       33.31488 ], dtype=float32)]
