[b'promptPhotons;11', b'fakePhotons;8']
[b'candidate_id', b'weight', b'pt', b'energy', b'eta', b'phi', b'scEta', b'scPhi', b'SCRawE', b'etaWidth', b'phiWidth', b'covIphiIphi', b'chgIsoWrtWorstVtx', b'phoIso03', b'phoIsoCorr', b'chgIsoWrtChosenVtx', b'hcalTowerSumEtConeDR03', b'trkSumPtHollowConeDR03', b'hadTowOverEm', b'idMVA', b'eTrue', b'sigmaIetaIeta', b'r9', b'esEffSigmaRR', b's4', b'covIEtaIPhi', b'esEnergy', b'esEnergyOverRawE', b'rho', b'nvtx', b'event', b'lumi', b'processIndex', b'run', b'nvtx', b'npu', b'puweight', b'PtvsEtaWeight']
[b'candidate_id', b'weight', b'pt', b'energy', b'eta', b'phi', b'scEta', b'scPhi', b'SCRawE', b'etaWidth', b'phiWidth', b'covIphiIphi', b'chgIsoWrtWorstVtx', b'phoIso03', b'phoIsoCorr', b'chgIsoWrtChosenVtx', b'hcalTowerSumEtConeDR03', b'trkSumPtHollowConeDR03', b'hadTowOverEm', b'idMVA', b'eTrue', b'sigmaIetaIeta', b'r9', b'esEffSigmaRR', b's4', b'covIEtaIPhi', b'esEnergy', b'esEnergyOverRawE', b'rho', b'nvtx', b'event', b'lumi', b'processIndex', b'run', b'nvtx', b'npu', b'puweight']
input_values [[ 3.7376698e+01  9.7589302e-01  9.3649551e-03 ...  1.6511230e+00
  -3.5918072e-02  9.2842550e+00]
 [ 1.0883054e+02  9.5977592e-01  9.4313389e-03 ...  8.0859375e-01
  -1.4088234e+00  1.0059990e+01]
 [ 3.1861324e+01  9.6605170e-01  9.5620342e-03 ...  1.7929688e+00
  -5.0046200e-01  2.2965250e+01]
 ...
 [ 2.7847649e+01  9.1841573e-01  1.6791895e-02 ...  1.0480591e+01
   4.7775304e-01  3.9356739e+01]
 [ 5.8295685e+01  9.6638709e-01  8.9894328e-03 ...  2.4155273e+00
   6.5763575e-01  3.1187519e+01]
 [ 5.1676800e+01  1.1179119e+00  1.5719902e-02 ...  3.4560547e+00
  -8.0087960e-01  1.5020585e+01]]
target_values [1. 1. 1. ... 0. 0. 0.]
orig_weights [0.4217485  0.62514555 0.5102016  ... 0.5772944  0.01386253 0.5834622 ]
train_weights [1.048938   0.36941293 1.8626987  ... 0.5772944  0.01386253 0.5834622 ]
input_vars ['SCRawE', 'r9', 'sigmaIetaIeta', 'etaWidth', 'phiWidth', 'covIEtaIPhi', 's4', 'phoIso03', 'chgIsoWrtChosenVtx', 'chgIsoWrtWorstVtx', 'scEta', 'rho']
pt [38.010857 48.98642  28.747948 ... 24.682377 48.12541  46.329876]
scEta [-0.03591807 -1.4088234  -0.500462   ...  0.47775304  0.65763575
 -0.8008796 ]
X_train [[ 2.78187618e+01  8.78902733e-01  1.14916768e-02 ...  1.10288086e+01
   3.93356979e-01  2.78425770e+01]
 [ 5.05588646e+01  9.48624671e-01  9.32736229e-03 ...  1.50585938e+00
   6.23194017e-02  1.85880585e+01]
 [ 5.71810417e+01  9.56460476e-01  9.40012466e-03 ...  3.11816406e+00
   1.10339925e-01  2.25336170e+01]
 ...
 [ 2.73508549e+01  7.23550975e-01  1.20195160e-02 ...  3.66796875e+00
  -1.77820966e-01  2.28583145e+01]
 [ 1.05223450e+02  9.55632925e-01  9.17133503e-03 ...  6.45019531e-01
   3.54471765e-02  2.11036892e+01]
 [ 1.21811371e+02  9.59588230e-01  9.02046822e-03 ...  2.56103516e+00
   1.02665639e+00  1.50900736e+01]]
X_test [[ 5.8573425e+01  9.4849092e-01  8.8181403e-03 ...  8.9335938e+00
   7.6945776e-01  4.0331673e+01]
 [ 7.6848244e+01  9.5199031e-01  9.2644747e-03 ...  1.5219727e+00
  -3.2262185e-01  2.4005095e+01]
 [ 5.9035187e+01  5.7662505e-01  4.8929881e-03 ...  9.6997070e-01
  -1.4049219e+00  2.9304379e+01]
 ...
 [ 7.1424934e+01  5.8432275e-01  7.0197666e-03 ...  2.5385742e+00
  -1.1679276e+00  2.8754671e+01]
 [ 1.1784922e+02  6.0108852e-01  8.8110873e-03 ...  3.8789062e+00
   1.3063064e+00  3.8278408e+01]
 [ 3.6801819e+01  8.8307691e-01  2.2813816e-02 ...  1.3571533e+01
  -1.2865746e+00  1.8102890e+01]]
w_train [0.02346226 0.5157721  0.22119638 ... 0.5772944  0.08864056 0.11015552]
y_train [0. 1. 1. ... 0. 1. 1.]
y_test [0. 1. 1. ... 1. 1. 0.]
w_test [0.4406655  0.12383176 1.2100093  ... 0.4916034  0.01205649 0.58610225]
pt_train [ 26.62929   50.08811   57.43441  ...  27.1097   105.000946  79.129166]
pt_test [44.49388  72.28137  28.284512 ... 43.374565 62.75941  44.153435]
scEta_train [ 0.39335698  0.0623194   0.11033992 ... -0.17782097  0.03544718
  1.0266564 ]
scEta_test [ 0.76945776 -0.32262185 -1.4049219  ... -1.1679276   1.3063064
 -1.2865746 ]
|   iter    |  target   | colsam... |   gamma   | learni... | max_de... | max_depth | min_ch... | n_esti... | reg_alpha | reg_la... | subsample |
-------------------------------------------------------------------------------------------------------------------------------------------------
| [0m 1       [0m | [0m 0.9522  [0m | [0m 0.631   [0m | [0m 0.7934  [0m | [0m 0.2788  [0m | [0m 4.593   [0m | [0m 5.247   [0m | [0m 5.666   [0m | [0m 597.7   [0m | [0m 9.761   [0m | [0m 7.595   [0m | [0m 0.5576  [0m |
| [95m 2       [0m | [95m 0.9525  [0m | [95m 0.6931  [0m | [95m 3.143   [0m | [95m 0.1259  [0m | [95m 9.835   [0m | [95m 6.103   [0m | [95m 8.106   [0m | [95m 1.609e+0[0m | [95m 3.613   [0m | [95m 4.745   [0m | [95m 0.7921  [0m |
| [0m 3       [0m | [0m 0.951   [0m | [0m 0.8801  [0m | [0m 0.939   [0m | [0m 0.2889  [0m | [0m 6.702   [0m | [0m 6.498   [0m | [0m 2.607   [0m | [0m 885.0   [0m | [0m 1.992   [0m | [0m 5.785   [0m | [0m 0.9162  [0m |
| [0m 4       [0m | [0m 0.9457  [0m | [0m 0.5926  [0m | [0m 4.787   [0m | [0m 0.426   [0m | [0m 5.04    [0m | [0m 6.573   [0m | [0m 1.142   [0m | [0m 1.49e+03[0m | [0m 9.933   [0m | [0m 2.466   [0m | [0m 0.5633  [0m |
| [0m 5       [0m | [0m 0.9381  [0m | [0m 0.6874  [0m | [0m 3.466   [0m | [0m 0.003898[0m | [0m 3.692   [0m | [0m 3.411   [0m | [0m 8.104   [0m | [0m 764.6   [0m | [0m 7.025   [0m | [0m 5.421   [0m | [0m 0.9864  [0m |
| [0m 6       [0m | [0m 0.951   [0m | [0m 0.918   [0m | [0m 3.051   [0m | [0m 0.565   [0m | [0m 9.974   [0m | [0m 4.783   [0m | [0m 1.129   [0m | [0m 269.2   [0m | [0m 9.39    [0m | [0m 9.761   [0m | [0m 0.7457  [0m |
| [95m 7       [0m | [95m 0.9527  [0m | [95m 0.6705  [0m | [95m 3.614   [0m | [95m 0.01189 [0m | [95m 7.6     [0m | [95m 7.7     [0m | [95m 2.714   [0m | [95m 1.366e+0[0m | [95m 9.111   [0m | [95m 2.459   [0m | [95m 0.9553  [0m |
| [0m 8       [0m | [0m 0.9524  [0m | [0m 0.6622  [0m | [0m 3.501   [0m | [0m 0.2662  [0m | [0m 5.19    [0m | [0m 4.242   [0m | [0m 5.211   [0m | [0m 953.0   [0m | [0m 3.961   [0m | [0m 8.127   [0m | [0m 0.7467  [0m |
| [0m 9       [0m | [0m 0.9475  [0m | [0m 0.862   [0m | [0m 3.965   [0m | [0m 0.3522  [0m | [0m 9.097   [0m | [0m 7.99    [0m | [0m 9.075   [0m | [0m 898.4   [0m | [0m 4.675   [0m | [0m 9.135   [0m | [0m 0.8168  [0m |
| [0m 10      [0m | [0m 0.9256  [0m | [0m 0.7664  [0m | [0m 1.188   [0m | [0m 0.9466  [0m | [0m 5.594   [0m | [0m 8.301   [0m | [0m 3.125   [0m | [0m 916.5   [0m | [0m 3.941   [0m | [0m 5.596   [0m | [0m 0.5627  [0m |
| [0m 11      [0m | [0m 0.9358  [0m | [0m 0.5     [0m | [0m 5.0     [0m | [0m 0.001   [0m | [0m 0.0     [0m | [0m 3.0     [0m | [0m 1.0     [0m | [0m 2e+03   [0m | [0m 10.0    [0m | [0m 10.0    [0m | [0m 1.0     [0m |
| [0m 12      [0m | [0m 0.8965  [0m | [0m 1.0     [0m | [0m 0.0     [0m | [0m 0.001   [0m | [0m 0.0     [0m | [0m 3.0     [0m | [0m 10.0    [0m | [0m 100.0   [0m | [0m 0.0     [0m | [0m 1.0     [0m | [0m 1.0     [0m |
| [0m 13      [0m | [0m 0.9507  [0m | [0m 1.0     [0m | [0m 5.0     [0m | [0m 1.0     [0m | [0m 0.0     [0m | [0m 3.0     [0m | [0m 1.0     [0m | [0m 1.826e+0[0m | [0m 10.0    [0m | [0m 1.0     [0m | [0m 1.0     [0m |
| [0m 14      [0m | [0m 0.9511  [0m | [0m 0.6794  [0m | [0m 2.383   [0m | [0m 0.508   [0m | [0m 8.426   [0m | [0m 3.681   [0m | [0m 7.137   [0m | [0m 1.176e+0[0m | [0m 0.7551  [0m | [0m 9.925   [0m | [0m 0.8867  [0m |
| [0m 15      [0m | [0m 0.9516  [0m | [0m 0.9948  [0m | [0m 3.714   [0m | [0m 0.4254  [0m | [0m 1.892   [0m | [0m 3.322   [0m | [0m 8.559   [0m | [0m 428.4   [0m | [0m 0.6754  [0m | [0m 4.24    [0m | [0m 0.6708  [0m |
| [0m 16      [0m | [0m 0.9474  [0m | [0m 0.5179  [0m | [0m 0.05192 [0m | [0m 0.001   [0m | [0m 10.0    [0m | [0m 10.0    [0m | [0m 10.0    [0m | [0m 1.907e+0[0m | [0m 0.0     [0m | [0m 1.0     [0m | [0m 0.5     [0m |
| [0m 17      [0m | [0m 0.9517  [0m | [0m 0.5777  [0m | [0m 0.4277  [0m | [0m 0.4663  [0m | [0m 9.449   [0m | [0m 3.174   [0m | [0m 7.655   [0m | [0m 1.427e+0[0m | [0m 0.2695  [0m | [0m 9.829   [0m | [0m 0.7022  [0m |
| [0m 18      [0m | [0m 0.9269  [0m | [0m 1.0     [0m | [0m 5.0     [0m | [0m 0.9382  [0m | [0m 10.0    [0m | [0m 10.0    [0m | [0m 10.0    [0m | [0m 1.749e+0[0m | [0m 0.0     [0m | [0m 10.0    [0m | [0m 0.8896  [0m |
| [0m 19      [0m | [0m 0.9519  [0m | [0m 0.9309  [0m | [0m 1.664   [0m | [0m 0.3001  [0m | [0m 8.286   [0m | [0m 3.409   [0m | [0m 1.17    [0m | [0m 500.1   [0m | [0m 0.03811 [0m | [0m 9.658   [0m | [0m 0.974   [0m |
| [0m 20      [0m | [0m 0.952   [0m | [0m 0.9358  [0m | [0m 4.314   [0m | [0m 0.4404  [0m | [0m 0.4285  [0m | [0m 3.244   [0m | [0m 9.924   [0m | [0m 1.285e+0[0m | [0m 1.545   [0m | [0m 1.43    [0m | [0m 0.891   [0m |
| [0m 21      [0m | [0m 0.9507  [0m | [0m 0.5662  [0m | [0m 4.775   [0m | [0m 0.6218  [0m | [0m 9.639   [0m | [0m 3.685   [0m | [0m 2.977   [0m | [0m 635.4   [0m | [0m 0.129   [0m | [0m 1.477   [0m | [0m 0.9321  [0m |
| [0m 22      [0m | [0m 0.9507  [0m | [0m 0.7532  [0m | [0m 1.288   [0m | [0m 0.5185  [0m | [0m 1.037   [0m | [0m 3.43    [0m | [0m 9.64    [0m | [0m 225.3   [0m | [0m 1.035   [0m | [0m 2.089   [0m | [0m 0.6327  [0m |
| [0m 23      [0m | [0m 0.9521  [0m | [0m 0.8498  [0m | [0m 3.495   [0m | [0m 0.2893  [0m | [0m 9.983   [0m | [0m 3.069   [0m | [0m 9.963   [0m | [0m 1.041e+0[0m | [0m 0.3581  [0m | [0m 3.367   [0m | [0m 0.6861  [0m |
| [0m 24      [0m | [0m 0.9499  [0m | [0m 0.9402  [0m | [0m 0.04494 [0m | [0m 0.5828  [0m | [0m 0.2723  [0m | [0m 3.806   [0m | [0m 1.129   [0m | [0m 1.677e+0[0m | [0m 1.472   [0m | [0m 3.207   [0m | [0m 0.9613  [0m |
| [0m 25      [0m | [0m 0.9502  [0m | [0m 0.6459  [0m | [0m 0.8104  [0m | [0m 0.8249  [0m | [0m 0.8585  [0m | [0m 3.515   [0m | [0m 2.978   [0m | [0m 343.1   [0m | [0m 0.2636  [0m | [0m 9.374   [0m | [0m 0.8961  [0m |
| [0m 26      [0m | [0m 0.9509  [0m | [0m 0.7908  [0m | [0m 1.06    [0m | [0m 0.5964  [0m | [0m 9.496   [0m | [0m 3.147   [0m | [0m 9.972   [0m | [0m 327.0   [0m | [0m 7.844   [0m | [0m 1.174   [0m | [0m 0.5369  [0m |
| [0m 27      [0m | [0m 0.9469  [0m | [0m 0.6109  [0m | [0m 1.087   [0m | [0m 0.703   [0m | [0m 8.177   [0m | [0m 3.592   [0m | [0m 1.045   [0m | [0m 1.906e+0[0m | [0m 3.07    [0m | [0m 9.871   [0m | [0m 0.5188  [0m |
| [0m 28      [0m | [0m 0.9449  [0m | [0m 0.7343  [0m | [0m 4.912   [0m | [0m 0.9363  [0m | [0m 8.205   [0m | [0m 3.72    [0m | [0m 1.246   [0m | [0m 1.294e+0[0m | [0m 1.855   [0m | [0m 8.94    [0m | [0m 0.5874  [0m |
| [0m 29      [0m | [0m 0.9502  [0m | [0m 0.8087  [0m | [0m 0.7151  [0m | [0m 0.986   [0m | [0m 0.5046  [0m | [0m 3.127   [0m | [0m 9.333   [0m | [0m 1.593e+0[0m | [0m 9.149   [0m | [0m 9.77    [0m | [0m 0.8147  [0m |
| [0m 30      [0m | [0m 0.9253  [0m | [0m 1.0     [0m | [0m 5.0     [0m | [0m 0.001   [0m | [0m 8.268e-0[0m | [0m 3.0     [0m | [0m 1.0     [0m | [0m 1.066e+0[0m | [0m 10.0    [0m | [0m 10.0    [0m | [0m 0.5     [0m |
| [0m 31      [0m | [0m 0.9519  [0m | [0m 0.9567  [0m | [0m 0.1744  [0m | [0m 0.4104  [0m | [0m 9.914   [0m | [0m 4.134   [0m | [0m 9.098   [0m | [0m 1.731e+0[0m | [0m 9.57    [0m | [0m 2.378   [0m | [0m 0.9847  [0m |
| [0m 32      [0m | [0m 0.9498  [0m | [0m 0.9513  [0m | [0m 3.78    [0m | [0m 0.06656 [0m | [0m 0.5121  [0m | [0m 3.211   [0m | [0m 8.983   [0m | [0m 576.0   [0m | [0m 0.1113  [0m | [0m 7.002   [0m | [0m 0.7285  [0m |
| [0m 33      [0m | [0m 0.952   [0m | [0m 0.5981  [0m | [0m 3.896   [0m | [0m 0.3132  [0m | [0m 0.7208  [0m | [0m 3.625   [0m | [0m 1.25    [0m | [0m 454.8   [0m | [0m 9.855   [0m | [0m 1.028   [0m | [0m 0.5815  [0m |
| [0m 34      [0m | [0m 0.9522  [0m | [0m 0.7653  [0m | [0m 1.493   [0m | [0m 0.227   [0m | [0m 9.493   [0m | [0m 3.015   [0m | [0m 3.976   [0m | [0m 895.5   [0m | [0m 9.642   [0m | [0m 1.3     [0m | [0m 0.8393  [0m |
| [0m 35      [0m | [0m 0.9473  [0m | [0m 0.5489  [0m | [0m 0.4895  [0m | [0m 0.02708 [0m | [0m 0.8818  [0m | [0m 5.583   [0m | [0m 7.759   [0m | [0m 185.3   [0m | [0m 9.714   [0m | [0m 9.623   [0m | [0m 0.6968  [0m |
| [0m 36      [0m | [0m 0.9518  [0m | [0m 0.7602  [0m | [0m 4.774   [0m | [0m 0.4126  [0m | [0m 9.241   [0m | [0m 3.212   [0m | [0m 6.715   [0m | [0m 1.981e+0[0m | [0m 0.2011  [0m | [0m 1.127   [0m | [0m 0.818   [0m |
| [0m 37      [0m | [0m 0.9375  [0m | [0m 0.7564  [0m | [0m 3.99    [0m | [0m 0.6159  [0m | [0m 9.75    [0m | [0m 9.071   [0m | [0m 1.159   [0m | [0m 1.945e+0[0m | [0m 9.717   [0m | [0m 1.701   [0m | [0m 0.7959  [0m |
| [0m 38      [0m | [0m 0.9505  [0m | [0m 0.9766  [0m | [0m 4.866   [0m | [0m 0.86    [0m | [0m 9.975   [0m | [0m 3.165   [0m | [0m 4.106   [0m | [0m 860.8   [0m | [0m 0.4538  [0m | [0m 9.462   [0m | [0m 0.7681  [0m |
| [0m 39      [0m | [0m 0.9373  [0m | [0m 0.8316  [0m | [0m 3.643   [0m | [0m 0.7602  [0m | [0m 9.14    [0m | [0m 9.751   [0m | [0m 1.038   [0m | [0m 162.5   [0m | [0m 0.2427  [0m | [0m 7.186   [0m | [0m 0.7092  [0m |
| [0m 40      [0m | [0m 0.952   [0m | [0m 0.7051  [0m | [0m 0.5397  [0m | [0m 0.1942  [0m | [0m 0.941   [0m | [0m 3.07    [0m | [0m 9.959   [0m | [0m 861.3   [0m | [0m 0.3619  [0m | [0m 7.334   [0m | [0m 0.6683  [0m |
| [0m 41      [0m | [0m 0.9526  [0m | [0m 0.5507  [0m | [0m 1.291   [0m | [0m 0.2341  [0m | [0m 8.498   [0m | [0m 3.583   [0m | [0m 9.145   [0m | [0m 1.243e+0[0m | [0m 9.89    [0m | [0m 3.303   [0m | [0m 0.9828  [0m |
| [0m 42      [0m | [0m 0.9462  [0m | [0m 0.625   [0m | [0m 0.3447  [0m | [0m 0.325   [0m | [0m 9.505   [0m | [0m 9.75    [0m | [0m 8.852   [0m | [0m 503.7   [0m | [0m 2.856   [0m | [0m 1.049   [0m | [0m 0.6782  [0m |
| [0m 43      [0m | [0m 0.9506  [0m | [0m 0.9851  [0m | [0m 4.817   [0m | [0m 0.4528  [0m | [0m 0.8282  [0m | [0m 3.592   [0m | [0m 9.521   [0m | [0m 1.936e+0[0m | [0m 9.522   [0m | [0m 4.363   [0m | [0m 0.6308  [0m |
| [0m 44      [0m | [0m 0.9515  [0m | [0m 0.5352  [0m | [0m 0.07516 [0m | [0m 0.4518  [0m | [0m 7.525   [0m | [0m 3.67    [0m | [0m 4.619   [0m | [0m 692.7   [0m | [0m 2.123   [0m | [0m 9.402   [0m | [0m 0.6766  [0m |
| [0m 45      [0m | [0m 0.9525  [0m | [0m 0.701   [0m | [0m 4.872   [0m | [0m 0.1721  [0m | [0m 0.3566  [0m | [0m 9.636   [0m | [0m 9.215   [0m | [0m 283.6   [0m | [0m 9.343   [0m | [0m 8.343   [0m | [0m 0.6999  [0m |
| [0m 46      [0m | [0m 0.9521  [0m | [0m 0.549   [0m | [0m 1.039   [0m | [0m 0.04184 [0m | [0m 4.905   [0m | [0m 3.526   [0m | [0m 9.696   [0m | [0m 1.541e+0[0m | [0m 1.647   [0m | [0m 1.628   [0m | [0m 0.952   [0m |
| [0m 47      [0m | [0m 0.9448  [0m | [0m 0.7221  [0m | [0m 3.021   [0m | [0m 0.8638  [0m | [0m 1.729   [0m | [0m 8.815   [0m | [0m 1.046   [0m | [0m 195.9   [0m | [0m 9.947   [0m | [0m 1.131   [0m | [0m 0.9568  [0m |
| [0m 48      [0m | [0m 0.9522  [0m | [0m 0.5423  [0m | [0m 1.156   [0m | [0m 0.3227  [0m | [0m 3.689   [0m | [0m 3.494   [0m | [0m 9.879   [0m | [0m 1.334e+0[0m | [0m 9.559   [0m | [0m 9.828   [0m | [0m 0.7357  [0m |
| [0m 49      [0m | [0m 0.9522  [0m | [0m 0.5759  [0m | [0m 4.822   [0m | [0m 0.1269  [0m | [0m 5.755   [0m | [0m 3.09    [0m | [0m 9.729   [0m | [0m 1.67e+03[0m | [0m 8.483   [0m | [0m 1.093   [0m | [0m 0.5089  [0m |
| [0m 50      [0m | [0m 0.9306  [0m | [0m 0.8345  [0m | [0m 0.06502 [0m | [0m 0.5038  [0m | [0m 0.1935  [0m | [0m 9.781   [0m | [0m 2.234   [0m | [0m 1.965e+0[0m | [0m 0.5004  [0m | [0m 2.279   [0m | [0m 0.6279  [0m |
| [0m 51      [0m | [0m 0.9519  [0m | [0m 0.5     [0m | [0m 0.0     [0m | [0m 0.09357 [0m | [0m 0.9771  [0m | [0m 3.0     [0m | [0m 1.0     [0m | [0m 1.397e+0[0m | [0m 0.0     [0m | [0m 1.0     [0m | [0m 0.5     [0m |
| [0m 52      [0m | [0m 0.9515  [0m | [0m 0.8195  [0m | [0m 1.545   [0m | [0m 0.2671  [0m | [0m 9.462   [0m | [0m 9.481   [0m | [0m 4.503   [0m | [0m 388.3   [0m | [0m 9.931   [0m | [0m 9.596   [0m | [0m 0.8799  [0m |
| [0m 53      [0m | [0m 0.9523  [0m | [0m 0.5718  [0m | [0m 1.936   [0m | [0m 0.07553 [0m | [0m 9.802   [0m | [0m 3.928   [0m | [0m 9.351   [0m | [0m 983.2   [0m | [0m 8.995   [0m | [0m 9.835   [0m | [0m 0.9183  [0m |
| [0m 54      [0m | [0m 0.946   [0m | [0m 0.9791  [0m | [0m 0.2917  [0m | [0m 0.8042  [0m | [0m 9.891   [0m | [0m 4.043   [0m | [0m 9.912   [0m | [0m 1.979e+0[0m | [0m 7.571   [0m | [0m 9.133   [0m | [0m 0.5304  [0m |
| [0m 55      [0m | [0m 0.9521  [0m | [0m 0.7456  [0m | [0m 0.8311  [0m | [0m 0.3612  [0m | [0m 9.742   [0m | [0m 3.02    [0m | [0m 1.314   [0m | [0m 1.569e+0[0m | [0m 9.272   [0m | [0m 7.246   [0m | [0m 0.6339  [0m |
| [0m 56      [0m | [0m 0.9524  [0m | [0m 0.9458  [0m | [0m 4.497   [0m | [0m 0.01701 [0m | [0m 1.24    [0m | [0m 9.411   [0m | [0m 1.508   [0m | [0m 654.3   [0m | [0m 7.44    [0m | [0m 7.2     [0m | [0m 0.9219  [0m |
| [0m 57      [0m | [0m 0.9501  [0m | [0m 0.7025  [0m | [0m 4.61    [0m | [0m 0.6755  [0m | [0m 8.556   [0m | [0m 3.522   [0m | [0m 8.983   [0m | [0m 1.424e+0[0m | [0m 7.74    [0m | [0m 1.32    [0m | [0m 0.8752  [0m |
| [0m 58      [0m | [0m 0.9511  [0m | [0m 0.5275  [0m | [0m 0.08412 [0m | [0m 0.03136 [0m | [0m 8.85    [0m | [0m 8.465   [0m | [0m 9.546   [0m | [0m 264.1   [0m | [0m 0.02796 [0m | [0m 1.056   [0m | [0m 0.8931  [0m |
| [0m 59      [0m | [0m 0.9524  [0m | [0m 0.6305  [0m | [0m 0.07066 [0m | [0m 0.2281  [0m | [0m 9.283   [0m | [0m 3.058   [0m | [0m 8.97    [0m | [0m 1.814e+0[0m | [0m 0.07918 [0m | [0m 1.739   [0m | [0m 0.7968  [0m |
| [0m 60      [0m | [0m 0.9527  [0m | [0m 0.8214  [0m | [0m 0.001912[0m | [0m 0.07493 [0m | [0m 9.303   [0m | [0m 4.072   [0m | [0m 9.24    [0m | [0m 1.351e+0[0m | [0m 0.4916  [0m | [0m 2.962   [0m | [0m 0.9225  [0m |
=================================================================================================================================================
############################## Best optimizer results ###########################################################
{'target': 0.9527125380506467, 'params': {'colsample_bytree': 0.6704679858266243, 'gamma': 3.614288089673667, 'learning_rate': 0.0118858656077791, 'max_delta_step': 7.5995317764494565, 'max_depth': 7.699819503488415, 'min_child_weight': 2.714009731266899, 'n_estimators': 1366.2828398826523, 'reg_alpha': 9.111224015603135, 'reg_lambda': 2.459056831839785, 'subsample': 0.9552891581893097}}
==============================================================================================================
Iteration 0: 
	{'target': 0.9521677206259902, 'params': {'colsample_bytree': 0.6310123375077908, 'gamma': 0.7934198607723281, 'learning_rate': 0.27884839297486536, 'max_delta_step': 4.593168872145666, 'max_depth': 5.24700378364117, 'min_child_weight': 5.665535385377834, 'n_estimators': 597.6915585737748, 'reg_alpha': 9.760852848774336, 'reg_lambda': 7.595330974214341, 'subsample': 0.5576371133415747}}
Iteration 1: 
	{'target': 0.9524507789583632, 'params': {'colsample_bytree': 0.6931375343171797, 'gamma': 3.142505897698558, 'learning_rate': 0.12593286840926382, 'max_delta_step': 9.835486051436412, 'max_depth': 6.102574080515897, 'min_child_weight': 8.10602507821513, 'n_estimators': 1608.8252940040145, 'reg_alpha': 3.612615724174307, 'reg_lambda': 4.7449354561389825, 'subsample': 0.7921290640551607}}
Iteration 2: 
	{'target': 0.9510329781886859, 'params': {'colsample_bytree': 0.8800858869029287, 'gamma': 0.9390420271320782, 'learning_rate': 0.28887898066422363, 'max_delta_step': 6.702188581602341, 'max_depth': 6.497537829604087, 'min_child_weight': 2.607118094471744, 'n_estimators': 884.9684727068519, 'reg_alpha': 1.991952352050984, 'reg_lambda': 5.78529463228333, 'subsample': 0.9161853515339913}}
Iteration 3: 
	{'target': 0.9456897281129495, 'params': {'colsample_bytree': 0.5926254725360225, 'gamma': 4.786796118356303, 'learning_rate': 0.42598925047937214, 'max_delta_step': 5.040070391614373, 'max_depth': 6.573296627781629, 'min_child_weight': 1.1421230699063298, 'n_estimators': 1490.211130468486, 'reg_alpha': 9.933050398908293, 'reg_lambda': 2.4658977994279057, 'subsample': 0.5633173898454188}}
Iteration 4: 
	{'target': 0.9380573533944434, 'params': {'colsample_bytree': 0.6874170922900356, 'gamma': 3.4660972210056533, 'learning_rate': 0.003898129138541196, 'max_delta_step': 3.692290622594858, 'max_depth': 3.410755279060788, 'min_child_weight': 8.104024765217009, 'n_estimators': 764.5615041299656, 'reg_alpha': 7.025237197137582, 'reg_lambda': 5.421061695392908, 'subsample': 0.9864361649344031}}
Iteration 5: 
	{'target': 0.9510048320123861, 'params': {'colsample_bytree': 0.9179839400162741, 'gamma': 3.051186660866007, 'learning_rate': 0.5649544604950639, 'max_delta_step': 9.97389143220887, 'max_depth': 4.783068955121165, 'min_child_weight': 1.1294007132459207, 'n_estimators': 269.1856276847383, 'reg_alpha': 9.38982600545954, 'reg_lambda': 9.76113459430923, 'subsample': 0.7457407649157098}}
Iteration 6: 
	{'target': 0.9527125380506467, 'params': {'colsample_bytree': 0.6704679858266243, 'gamma': 3.614288089673667, 'learning_rate': 0.0118858656077791, 'max_delta_step': 7.5995317764494565, 'max_depth': 7.699819503488415, 'min_child_weight': 2.714009731266899, 'n_estimators': 1366.2828398826523, 'reg_alpha': 9.111224015603135, 'reg_lambda': 2.459056831839785, 'subsample': 0.9552891581893097}}
Iteration 7: 
	{'target': 0.9523754620105936, 'params': {'colsample_bytree': 0.6621789517802794, 'gamma': 3.50149210024723, 'learning_rate': 0.26618488798187373, 'max_delta_step': 5.1895865038583056, 'max_depth': 4.242275894171907, 'min_child_weight': 5.210613750919996, 'n_estimators': 953.0325858054255, 'reg_alpha': 3.960646158843274, 'reg_lambda': 8.127328905076418, 'subsample': 0.746699122390598}}
Iteration 8: 
	{'target': 0.9475155702117186, 'params': {'colsample_bytree': 0.8619739489932154, 'gamma': 3.9651151631459647, 'learning_rate': 0.35217257569870325, 'max_delta_step': 9.096535248282638, 'max_depth': 7.9902125011056775, 'min_child_weight': 9.075228678611648, 'n_estimators': 898.3958250716722, 'reg_alpha': 4.67516099385743, 'reg_lambda': 9.135344793973168, 'subsample': 0.816774302970865}}
Iteration 9: 
	{'target': 0.9256449315235097, 'params': {'colsample_bytree': 0.766414731812736, 'gamma': 1.1875538254094358, 'learning_rate': 0.9465574149139853, 'max_delta_step': 5.594301234747533, 'max_depth': 8.301460702213816, 'min_child_weight': 3.125342881018178, 'n_estimators': 916.541587696669, 'reg_alpha': 3.941136001861932, 'reg_lambda': 5.596384563696025, 'subsample': 0.5627014980441116}}
Iteration 10: 
	{'target': 0.9357875256753241, 'params': {'colsample_bytree': 0.5, 'gamma': 5.0, 'learning_rate': 0.001, 'max_delta_step': 0.0, 'max_depth': 3.0, 'min_child_weight': 1.0, 'n_estimators': 2000.0, 'reg_alpha': 10.0, 'reg_lambda': 10.0, 'subsample': 1.0}}
Iteration 11: 
	{'target': 0.8964646082282842, 'params': {'colsample_bytree': 0.9999999970504331, 'gamma': 0.0, 'learning_rate': 0.001, 'max_delta_step': 0.0, 'max_depth': 3.0, 'min_child_weight': 10.0, 'n_estimators': 100.0, 'reg_alpha': 0.0, 'reg_lambda': 1.0, 'subsample': 1.0}}
Iteration 12: 
	{'target': 0.950710233935905, 'params': {'colsample_bytree': 1.0, 'gamma': 5.0, 'learning_rate': 1.0, 'max_delta_step': 0.0, 'max_depth': 3.0, 'min_child_weight': 1.0, 'n_estimators': 1826.22551048395, 'reg_alpha': 10.0, 'reg_lambda': 1.0, 'subsample': 1.0}}
Iteration 13: 
	{'target': 0.9510875356775964, 'params': {'colsample_bytree': 0.6793770602389637, 'gamma': 2.3826812190011486, 'learning_rate': 0.5080228405683817, 'max_delta_step': 8.426329112338989, 'max_depth': 3.680699874314075, 'min_child_weight': 7.137277814475697, 'n_estimators': 1176.0288239647707, 'reg_alpha': 0.755136414092269, 'reg_lambda': 9.925169164255935, 'subsample': 0.8867347061938864}}
Iteration 14: 
	{'target': 0.9515606677944953, 'params': {'colsample_bytree': 0.9947916092743081, 'gamma': 3.7143455324796157, 'learning_rate': 0.4253561937933283, 'max_delta_step': 1.891875656065869, 'max_depth': 3.3218371671542277, 'min_child_weight': 8.55853360177436, 'n_estimators': 428.43886045760377, 'reg_alpha': 0.6753894307402708, 'reg_lambda': 4.240355963146229, 'subsample': 0.6707978218872159}}
Iteration 15: 
	{'target': 0.9474391638460793, 'params': {'colsample_bytree': 0.517855021126804, 'gamma': 0.05191671480626099, 'learning_rate': 0.001, 'max_delta_step': 10.0, 'max_depth': 9.999999999790367, 'min_child_weight': 10.0, 'n_estimators': 1906.6345235456108, 'reg_alpha': 0.0, 'reg_lambda': 1.0, 'subsample': 0.5}}
Iteration 16: 
	{'target': 0.9516710754534581, 'params': {'colsample_bytree': 0.5777344906968872, 'gamma': 0.42773681936499386, 'learning_rate': 0.4663442073162946, 'max_delta_step': 9.448679406590628, 'max_depth': 3.173984240186341, 'min_child_weight': 7.655169928783129, 'n_estimators': 1426.587538793525, 'reg_alpha': 0.26953790250799914, 'reg_lambda': 9.829010940572724, 'subsample': 0.7021924348746285}}
Iteration 17: 
	{'target': 0.9269023724843732, 'params': {'colsample_bytree': 1.0, 'gamma': 5.0, 'learning_rate': 0.9382401363314353, 'max_delta_step': 10.0, 'max_depth': 10.0, 'min_child_weight': 10.0, 'n_estimators': 1748.8976538663258, 'reg_alpha': 0.0, 'reg_lambda': 10.0, 'subsample': 0.8895518914231813}}
Iteration 18: 
	{'target': 0.95191028426225, 'params': {'colsample_bytree': 0.9309038768803009, 'gamma': 1.6642110628738531, 'learning_rate': 0.3000936607963294, 'max_delta_step': 8.286343870723721, 'max_depth': 3.4089263685083693, 'min_child_weight': 1.1698860146716306, 'n_estimators': 500.0892108871093, 'reg_alpha': 0.03810852665753206, 'reg_lambda': 9.657745979302552, 'subsample': 0.9739749937641311}}
Iteration 19: 
	{'target': 0.9520326703285302, 'params': {'colsample_bytree': 0.935831314078589, 'gamma': 4.313915379564108, 'learning_rate': 0.44037741702220823, 'max_delta_step': 0.4284864837900637, 'max_depth': 3.244409310296757, 'min_child_weight': 9.924187888541494, 'n_estimators': 1284.5907393319153, 'reg_alpha': 1.5449064886314945, 'reg_lambda': 1.4302126798709267, 'subsample': 0.8910278159400482}}
Iteration 20: 
	{'target': 0.9506758156921297, 'params': {'colsample_bytree': 0.5661737189386719, 'gamma': 4.775105143281873, 'learning_rate': 0.6217961204355188, 'max_delta_step': 9.639104909843745, 'max_depth': 3.685336456046995, 'min_child_weight': 2.976767466360966, 'n_estimators': 635.3721399069753, 'reg_alpha': 0.1289571463874406, 'reg_lambda': 1.4769216928085842, 'subsample': 0.9321428573710946}}
Iteration 21: 
	{'target': 0.9506714547006061, 'params': {'colsample_bytree': 0.753233953922277, 'gamma': 1.2875276303370686, 'learning_rate': 0.5184998695634849, 'max_delta_step': 1.0372240414165534, 'max_depth': 3.4304108315238975, 'min_child_weight': 9.640179912863095, 'n_estimators': 225.2645968217803, 'reg_alpha': 1.0349064863670854, 'reg_lambda': 2.0891306791545206, 'subsample': 0.6326534372009529}}
Iteration 22: 
	{'target': 0.9521204617456691, 'params': {'colsample_bytree': 0.8498011085666302, 'gamma': 3.4950953819251, 'learning_rate': 0.28926236007937045, 'max_delta_step': 9.983239582924298, 'max_depth': 3.069431178620649, 'min_child_weight': 9.963270573571124, 'n_estimators': 1041.2363591815542, 'reg_alpha': 0.3581245531262245, 'reg_lambda': 3.3665374610773178, 'subsample': 0.6860963088676483}}
Iteration 23: 
	{'target': 0.949850201622589, 'params': {'colsample_bytree': 0.9401637979555182, 'gamma': 0.04493972568951565, 'learning_rate': 0.5828397178112036, 'max_delta_step': 0.2722569805858832, 'max_depth': 3.806227961412633, 'min_child_weight': 1.129434376423875, 'n_estimators': 1676.8414915796768, 'reg_alpha': 1.4715560346151724, 'reg_lambda': 3.207132964851273, 'subsample': 0.961297391233932}}
Iteration 24: 
	{'target': 0.9502031698285099, 'params': {'colsample_bytree': 0.6458994429168349, 'gamma': 0.8104151897634398, 'learning_rate': 0.8249195693568417, 'max_delta_step': 0.8584904231167301, 'max_depth': 3.514778857781102, 'min_child_weight': 2.977715443470215, 'n_estimators': 343.1392609312782, 'reg_alpha': 0.2636191115278441, 'reg_lambda': 9.3737003904766, 'subsample': 0.8960714663523318}}
Iteration 25: 
	{'target': 0.9508556342102862, 'params': {'colsample_bytree': 0.7908178660508061, 'gamma': 1.0603244826923302, 'learning_rate': 0.5964409437314185, 'max_delta_step': 9.496214242170229, 'max_depth': 3.1466941466707468, 'min_child_weight': 9.972060210758928, 'n_estimators': 326.9661060348009, 'reg_alpha': 7.844458083099117, 'reg_lambda': 1.173829347981977, 'subsample': 0.5368536815163463}}
Iteration 26: 
	{'target': 0.9468674445048034, 'params': {'colsample_bytree': 0.6109219614543024, 'gamma': 1.087115643725689, 'learning_rate': 0.7030300355500669, 'max_delta_step': 8.176646867281399, 'max_depth': 3.591935944586557, 'min_child_weight': 1.0449263914253843, 'n_estimators': 1905.8552021705802, 'reg_alpha': 3.0704906436749715, 'reg_lambda': 9.871222829192421, 'subsample': 0.5187665053585931}}
Iteration 27: 
	{'target': 0.9449030417610519, 'params': {'colsample_bytree': 0.7342802202188436, 'gamma': 4.912207190374635, 'learning_rate': 0.9363371995448558, 'max_delta_step': 8.204896839781593, 'max_depth': 3.7200899294962424, 'min_child_weight': 1.2460100163441759, 'n_estimators': 1293.755950976309, 'reg_alpha': 1.855034935034452, 'reg_lambda': 8.939633823324286, 'subsample': 0.5873715164817604}}
Iteration 28: 
	{'target': 0.9501716233007599, 'params': {'colsample_bytree': 0.8087256612489646, 'gamma': 0.7150757797440421, 'learning_rate': 0.9860199888961011, 'max_delta_step': 0.5046099176384544, 'max_depth': 3.1267800530124874, 'min_child_weight': 9.333035064213357, 'n_estimators': 1592.603175660082, 'reg_alpha': 9.149238797859544, 'reg_lambda': 9.769888861350333, 'subsample': 0.8146628288965971}}
Iteration 29: 
	{'target': 0.9253353188878526, 'params': {'colsample_bytree': 1.0, 'gamma': 5.0, 'learning_rate': 0.001, 'max_delta_step': 8.268440590219499e-08, 'max_depth': 3.0000000108773346, 'min_child_weight': 1.0000002530758305, 'n_estimators': 1065.5401372605397, 'reg_alpha': 10.0, 'reg_lambda': 10.0, 'subsample': 0.5000000054623237}}
Iteration 30: 
	{'target': 0.9519354057212709, 'params': {'colsample_bytree': 0.9566548787386636, 'gamma': 0.1744382585515747, 'learning_rate': 0.4103987665692898, 'max_delta_step': 9.914131595311686, 'max_depth': 4.134216860699684, 'min_child_weight': 9.09773922196579, 'n_estimators': 1731.4723038695754, 'reg_alpha': 9.570377569289159, 'reg_lambda': 2.377787112927653, 'subsample': 0.9846552901890784}}
Iteration 31: 
	{'target': 0.9498251678984311, 'params': {'colsample_bytree': 0.9513490265826019, 'gamma': 3.779602588413509, 'learning_rate': 0.06655891134026999, 'max_delta_step': 0.5120608363608392, 'max_depth': 3.2105824679298887, 'min_child_weight': 8.98255452529726, 'n_estimators': 575.9871672449904, 'reg_alpha': 0.11128321683730125, 'reg_lambda': 7.002384156928858, 'subsample': 0.7284805311475415}}
Iteration 32: 
	{'target': 0.9519655951490517, 'params': {'colsample_bytree': 0.5980899147824481, 'gamma': 3.895508071405367, 'learning_rate': 0.3131880813711975, 'max_delta_step': 0.7207840999315385, 'max_depth': 3.624818173775777, 'min_child_weight': 1.2496710741870451, 'n_estimators': 454.81927747309277, 'reg_alpha': 9.854897409509192, 'reg_lambda': 1.0277150636156505, 'subsample': 0.581490303118283}}
Iteration 33: 
	{'target': 0.9522182142551177, 'params': {'colsample_bytree': 0.7653100238185255, 'gamma': 1.493327780713426, 'learning_rate': 0.22699413211419206, 'max_delta_step': 9.492803382305315, 'max_depth': 3.015386060085984, 'min_child_weight': 3.9761568241186493, 'n_estimators': 895.4833685724404, 'reg_alpha': 9.64240666894528, 'reg_lambda': 1.299661850705021, 'subsample': 0.8392835841142177}}
Iteration 34: 
	{'target': 0.9472541952105322, 'params': {'colsample_bytree': 0.5489090089951656, 'gamma': 0.48952863445373085, 'learning_rate': 0.027077188696332744, 'max_delta_step': 0.8817875073236647, 'max_depth': 5.583482493819275, 'min_child_weight': 7.758819335385766, 'n_estimators': 185.28979482472838, 'reg_alpha': 9.714394326381738, 'reg_lambda': 9.62285084777077, 'subsample': 0.6968042354581945}}
Iteration 35: 
	{'target': 0.95181065393701, 'params': {'colsample_bytree': 0.7602323492474863, 'gamma': 4.773820560018448, 'learning_rate': 0.41258206994675045, 'max_delta_step': 9.24059829129579, 'max_depth': 3.2118768706163405, 'min_child_weight': 6.715116507396873, 'n_estimators': 1981.1252155582429, 'reg_alpha': 0.20107004021016062, 'reg_lambda': 1.1269611345089343, 'subsample': 0.8180370242045485}}
Iteration 36: 
	{'target': 0.9375295250709808, 'params': {'colsample_bytree': 0.7563576741089517, 'gamma': 3.9897980121251853, 'learning_rate': 0.6158838825399654, 'max_delta_step': 9.749712662747399, 'max_depth': 9.070923111722262, 'min_child_weight': 1.1586382131024981, 'n_estimators': 1945.2142043584383, 'reg_alpha': 9.717404819629872, 'reg_lambda': 1.7006287047065531, 'subsample': 0.7958508177660852}}
Iteration 37: 
	{'target': 0.9505438155654286, 'params': {'colsample_bytree': 0.9766089758761759, 'gamma': 4.866030640920628, 'learning_rate': 0.8599922511611621, 'max_delta_step': 9.974884637720795, 'max_depth': 3.165421399838513, 'min_child_weight': 4.106140643579831, 'n_estimators': 860.7553584007444, 'reg_alpha': 0.4538471342364814, 'reg_lambda': 9.461819873878206, 'subsample': 0.7680532141983956}}
Iteration 38: 
	{'target': 0.9372796732177375, 'params': {'colsample_bytree': 0.8315944697240907, 'gamma': 3.643466492943475, 'learning_rate': 0.7602155549329281, 'max_delta_step': 9.14040809600711, 'max_depth': 9.751458838531121, 'min_child_weight': 1.0378722929409814, 'n_estimators': 162.54078499360773, 'reg_alpha': 0.24267094779807596, 'reg_lambda': 7.1862648884617935, 'subsample': 0.7091585428598136}}
Iteration 39: 
	{'target': 0.9519829058417836, 'params': {'colsample_bytree': 0.705061695651701, 'gamma': 0.5396526593490791, 'learning_rate': 0.19417812770592718, 'max_delta_step': 0.9409561584234638, 'max_depth': 3.070216646621326, 'min_child_weight': 9.95928960196955, 'n_estimators': 861.290685974733, 'reg_alpha': 0.36185874138121243, 'reg_lambda': 7.334107737808115, 'subsample': 0.6682714964361451}}
Iteration 40: 
	{'target': 0.9526484752690827, 'params': {'colsample_bytree': 0.5507211711009043, 'gamma': 1.2906555868039375, 'learning_rate': 0.23411791356987566, 'max_delta_step': 8.498193762829525, 'max_depth': 3.582864064382124, 'min_child_weight': 9.144657317337616, 'n_estimators': 1243.25079093228, 'reg_alpha': 9.88996812827341, 'reg_lambda': 3.3031829536082546, 'subsample': 0.9828001742358977}}
Iteration 41: 
	{'target': 0.9462083436783253, 'params': {'colsample_bytree': 0.6250471433988969, 'gamma': 0.3447161821384731, 'learning_rate': 0.3249919452468081, 'max_delta_step': 9.505410338359253, 'max_depth': 9.750119351785015, 'min_child_weight': 8.85151210667419, 'n_estimators': 503.74400469390923, 'reg_alpha': 2.855625269592764, 'reg_lambda': 1.0494549958971142, 'subsample': 0.6782033192916651}}
Iteration 42: 
	{'target': 0.9505586274530394, 'params': {'colsample_bytree': 0.9851059415962047, 'gamma': 4.817146922761294, 'learning_rate': 0.45275563732195473, 'max_delta_step': 0.8282324566674926, 'max_depth': 3.5918044625593337, 'min_child_weight': 9.521181729613115, 'n_estimators': 1935.8872675356363, 'reg_alpha': 9.521858748340827, 'reg_lambda': 4.3629879347084985, 'subsample': 0.6308438669785554}}
Iteration 43: 
	{'target': 0.9514929321946534, 'params': {'colsample_bytree': 0.535187400378427, 'gamma': 0.075160075415448, 'learning_rate': 0.45181942849200224, 'max_delta_step': 7.525251472076679, 'max_depth': 3.6697750092269366, 'min_child_weight': 4.618769787377699, 'n_estimators': 692.718722386209, 'reg_alpha': 2.12315091016647, 'reg_lambda': 9.40175214833717, 'subsample': 0.6765719145453974}}
Iteration 44: 
	{'target': 0.9524678970791743, 'params': {'colsample_bytree': 0.7010250427824449, 'gamma': 4.871579594983523, 'learning_rate': 0.1721411374650915, 'max_delta_step': 0.35655593683526, 'max_depth': 9.636045113353761, 'min_child_weight': 9.214891840143096, 'n_estimators': 283.6081992366476, 'reg_alpha': 9.342836112705683, 'reg_lambda': 8.342914763649711, 'subsample': 0.6999230962650083}}
Iteration 45: 
	{'target': 0.9521285216482976, 'params': {'colsample_bytree': 0.5490232668158728, 'gamma': 1.0390846335551862, 'learning_rate': 0.04183649534171794, 'max_delta_step': 4.9045600969893774, 'max_depth': 3.5264664628233757, 'min_child_weight': 9.695860509520957, 'n_estimators': 1541.185971516188, 'reg_alpha': 1.6472748173218477, 'reg_lambda': 1.6283342079670575, 'subsample': 0.9520226945346195}}
Iteration 46: 
	{'target': 0.9447860712004312, 'params': {'colsample_bytree': 0.7220699788193288, 'gamma': 3.021336948519779, 'learning_rate': 0.8638017588438318, 'max_delta_step': 1.729267013822141, 'max_depth': 8.815395533124057, 'min_child_weight': 1.0460325976764837, 'n_estimators': 195.85455146674877, 'reg_alpha': 9.947208273639493, 'reg_lambda': 1.1311909005686738, 'subsample': 0.9567805519408012}}
Iteration 47: 
	{'target': 0.9522372727031932, 'params': {'colsample_bytree': 0.5423480550114088, 'gamma': 1.1561968502291804, 'learning_rate': 0.3226921223590011, 'max_delta_step': 3.688962313815831, 'max_depth': 3.4937671394845546, 'min_child_weight': 9.879438155789664, 'n_estimators': 1334.2847156726662, 'reg_alpha': 9.558710463325772, 'reg_lambda': 9.828118229658648, 'subsample': 0.7357412944824386}}
Iteration 48: 
	{'target': 0.9522132930760258, 'params': {'colsample_bytree': 0.5758919183502873, 'gamma': 4.821640758871387, 'learning_rate': 0.12686431777953383, 'max_delta_step': 5.754856988008218, 'max_depth': 3.089957445446168, 'min_child_weight': 9.729485387377546, 'n_estimators': 1670.1105463243202, 'reg_alpha': 8.482894131302817, 'reg_lambda': 1.0927383298707531, 'subsample': 0.5089218286448798}}
Iteration 49: 
	{'target': 0.9306332298855058, 'params': {'colsample_bytree': 0.8344686864957789, 'gamma': 0.06501586672802977, 'learning_rate': 0.5038054593960934, 'max_delta_step': 0.1934637464675606, 'max_depth': 9.780636578180308, 'min_child_weight': 2.2339800771979563, 'n_estimators': 1965.086716700622, 'reg_alpha': 0.500357453877093, 'reg_lambda': 2.2785529445774486, 'subsample': 0.6279066289054767}}
Iteration 50: 
	{'target': 0.9518817726888923, 'params': {'colsample_bytree': 0.5, 'gamma': 0.0, 'learning_rate': 0.09357372442912916, 'max_delta_step': 0.9771125461194681, 'max_depth': 3.0, 'min_child_weight': 1.0, 'n_estimators': 1396.745884245637, 'reg_alpha': 0.0, 'reg_lambda': 1.0000004616035798, 'subsample': 0.5000000208484021}}
Iteration 51: 
	{'target': 0.9515067884989149, 'params': {'colsample_bytree': 0.8195433400537151, 'gamma': 1.5451383413052904, 'learning_rate': 0.26714580921793535, 'max_delta_step': 9.46222727855712, 'max_depth': 9.481230939208793, 'min_child_weight': 4.503083579664089, 'n_estimators': 388.33686267579793, 'reg_alpha': 9.930557840931629, 'reg_lambda': 9.595544262135155, 'subsample': 0.8799191823762231}}
Iteration 52: 
	{'target': 0.952272467897828, 'params': {'colsample_bytree': 0.5718321270415893, 'gamma': 1.9360061555135828, 'learning_rate': 0.07553361815519526, 'max_delta_step': 9.802286592002886, 'max_depth': 3.928368071779969, 'min_child_weight': 9.350544880626346, 'n_estimators': 983.1567040920432, 'reg_alpha': 8.994920121037634, 'reg_lambda': 9.83506349357002, 'subsample': 0.9183034649378079}}
Iteration 53: 
	{'target': 0.9460376904813005, 'params': {'colsample_bytree': 0.9790786925276462, 'gamma': 0.2917087081786962, 'learning_rate': 0.8041852515184587, 'max_delta_step': 9.890818050290056, 'max_depth': 4.043327273995254, 'min_child_weight': 9.912270919885094, 'n_estimators': 1979.1131502074643, 'reg_alpha': 7.57110830965588, 'reg_lambda': 9.132907965852333, 'subsample': 0.5304364837659779}}
Iteration 54: 
	{'target': 0.9521215269043033, 'params': {'colsample_bytree': 0.7456184106093378, 'gamma': 0.8311174767273372, 'learning_rate': 0.36119354363576883, 'max_delta_step': 9.741659455070161, 'max_depth': 3.0200806334188997, 'min_child_weight': 1.3140257634254497, 'n_estimators': 1569.430539347117, 'reg_alpha': 9.271986994929815, 'reg_lambda': 7.245933380273527, 'subsample': 0.6338706902088977}}
Iteration 55: 
	{'target': 0.9523530341134518, 'params': {'colsample_bytree': 0.9458168629048012, 'gamma': 4.49683500990905, 'learning_rate': 0.017014186880440398, 'max_delta_step': 1.2404215409113473, 'max_depth': 9.41121869124024, 'min_child_weight': 1.5076715222241472, 'n_estimators': 654.3494410863034, 'reg_alpha': 7.439658187397418, 'reg_lambda': 7.200169281129809, 'subsample': 0.9219493890732879}}
Iteration 56: 
	{'target': 0.9500751499530118, 'params': {'colsample_bytree': 0.7024642050574439, 'gamma': 4.610174618010507, 'learning_rate': 0.6755492612885343, 'max_delta_step': 8.555560204841319, 'max_depth': 3.5215478934956135, 'min_child_weight': 8.982988513517085, 'n_estimators': 1423.7527778751328, 'reg_alpha': 7.739920375618222, 'reg_lambda': 1.3197608138894743, 'subsample': 0.8752406523632368}}
Iteration 57: 
	{'target': 0.9511362844350104, 'params': {'colsample_bytree': 0.5275131948177212, 'gamma': 0.08412385333520345, 'learning_rate': 0.03136361336308405, 'max_delta_step': 8.84993253283766, 'max_depth': 8.464561737844658, 'min_child_weight': 9.546364144526384, 'n_estimators': 264.06173003193896, 'reg_alpha': 0.027959418689074145, 'reg_lambda': 1.0560653304766485, 'subsample': 0.893131231072811}}
Iteration 58: 
	{'target': 0.9523856782804611, 'params': {'colsample_bytree': 0.6304658318923124, 'gamma': 0.0706613229013553, 'learning_rate': 0.22807439455646664, 'max_delta_step': 9.282832504284261, 'max_depth': 3.058333434561169, 'min_child_weight': 8.9701609314966, 'n_estimators': 1813.791605233609, 'reg_alpha': 0.07917549390075052, 'reg_lambda': 1.7386240565944702, 'subsample': 0.7967869941653889}}
Iteration 59: 
	{'target': 0.952658655608506, 'params': {'colsample_bytree': 0.8213751297388554, 'gamma': 0.0019117274236418735, 'learning_rate': 0.07492665211756286, 'max_delta_step': 9.302790087867068, 'max_depth': 4.072163214559737, 'min_child_weight': 9.240445809725623, 'n_estimators': 1350.6154251329517, 'reg_alpha': 0.4916067775612143, 'reg_lambda': 2.9622353588416157, 'subsample': 0.9225049223789332}}
==============================================================================================================
