['promptPhotons;10', 'fakePhotons;6']
['promptPhotons;4', 'promptPhotons;3', 'fakePhotons;2', 'fakePhotons;1']
corr_p =                       SCRawE        r9  sigmaIetaIeta  etaWidth  ...     scEta       rho  esEffSigmaRR  esEnergyOverRawE
SCRawE              1.000000  0.061426      -0.089553  0.304986  ...  0.003841  0.046583      0.066563         -0.158736
r9                  0.061426  1.000000      -0.013111 -0.108723  ... -0.000408 -0.078922     -0.210215         -0.282414
sigmaIetaIeta      -0.089553 -0.013111       1.000000  0.195950  ...  0.010499  0.082035      0.018885          0.165107
etaWidth            0.304986 -0.108723       0.195950  1.000000  ...  0.020356  0.031809      0.099832          0.061934
phiWidth            0.044462 -0.395994       0.065077  0.497282  ...  0.007453  0.108217      0.208748          0.220815
covIEtaIPhi         0.047004  0.090941      -0.017656 -0.020965  ... -0.000915 -0.004611     -0.033505         -0.144548
s4                  0.186206  0.464397      -0.085068  0.051226  ...  0.000124 -0.083485     -0.333666         -0.527551
phoIso03            0.215922  0.015478       0.093283  0.329189  ...  0.024722  0.236814      0.033714         -0.067159
chgIsoWrtChosenVtx -0.045404 -0.017435       0.024673 -0.028140  ... -0.005098  0.075519      0.015181          0.021320
chgIsoWrtWorstVtx  -0.014132 -0.049161       0.041236 -0.037904  ... -0.009303  0.326412      0.043594          0.028366
scEta               0.003841 -0.000408       0.010499  0.020356  ...  1.000000  0.004183      0.001652         -0.002337
rho                 0.046583 -0.078922       0.082035  0.031809  ...  0.004183  1.000000      0.072767          0.018747
esEffSigmaRR        0.066563 -0.210215       0.018885  0.099832  ...  0.001652  0.072767      1.000000          0.533076
esEnergyOverRawE   -0.158736 -0.282414       0.165107  0.061934  ... -0.002337  0.018747      0.533076          1.000000

[14 rows x 14 columns]
corr_f =                       SCRawE        r9  sigmaIetaIeta  etaWidth  ...     scEta       rho  esEffSigmaRR  esEnergyOverRawE
SCRawE              1.000000 -0.005623       0.007213  0.422064  ...  0.018994  0.040556      0.124829         -0.088527
r9                 -0.005623  1.000000      -0.041996 -0.082294  ... -0.002315 -0.041978     -0.135947         -0.085605
sigmaIetaIeta       0.007213 -0.041996       1.000000  0.353093  ...  0.012664  0.051330      0.151815          0.115580
etaWidth            0.422064 -0.082294       0.353093  1.000000  ...  0.031771  0.000125      0.210670          0.094196
phiWidth            0.040944 -0.290567       0.080664  0.369403  ...  0.007130  0.071187      0.178838          0.140383
covIEtaIPhi         0.022111  0.050671      -0.038934 -0.044029  ... -0.003591 -0.006396     -0.018413         -0.064223
s4                  0.071980  0.228568      -0.322740 -0.148143  ... -0.006270 -0.049410     -0.303152         -0.299572
phoIso03            0.134180  0.008076       0.115580  0.152829  ...  0.021720  0.168209      0.041919         -0.021371
chgIsoWrtChosenVtx -0.039602 -0.013415       0.007668 -0.076545  ... -0.009169 -0.018363      0.031567          0.020897
chgIsoWrtWorstVtx  -0.042752 -0.019514       0.023066 -0.101567  ... -0.004335  0.152368      0.025584          0.012996
scEta               0.018994 -0.002315       0.012664  0.031771  ...  1.000000  0.000183      0.003927          0.002275
rho                 0.040556 -0.041978       0.051330  0.000125  ...  0.000183  1.000000      0.030321          0.012546
esEffSigmaRR        0.124829 -0.135947       0.151815  0.210670  ...  0.003927  0.030321      1.000000          0.439424
esEnergyOverRawE   -0.088527 -0.085605       0.115580  0.094196  ...  0.002275  0.012546      0.439424          1.000000

[14 rows x 14 columns]
df_p =             SCRawE        r9  sigmaIetaIeta  etaWidth  phiWidth  ...  chgIsoWrtWorstVtx     scEta        rho  esEffSigmaRR  esEnergyOverRawE
0       156.882492  0.970492       0.024077  0.019230  0.021507  ...           1.367920 -2.137738  26.643995      0.000000          0.000000
1       130.551086  0.950767       0.022640  0.022335  0.019050  ...           1.612305  2.101409  28.998392      0.000000          0.000000
2       112.999161  0.989539       0.026879  0.014142  0.011373  ...           0.979248 -2.003626   7.747541      0.000000          0.000000
3       146.945694  0.984442       0.024356  0.018192  0.015645  ...           6.375488  2.326481  14.045482      0.000000          0.000000
4        92.106201  0.921673       0.024811  0.023170  0.034462  ...           2.234619 -2.171393  32.104958      0.000000          0.000000
5       196.170517  0.962852       0.027478  0.024382  0.029684  ...           0.627441  2.477280  16.037695      0.000000          0.000000
6       129.574753  0.939527       0.024130  0.020057  0.018735  ...           2.943848 -1.938627  18.597424      0.000000          0.000000
7       121.700211  0.947261       0.029380  0.027049  0.025702  ...           0.979004 -2.197735   6.798918      0.000000          0.000000
8        84.152847  0.949655       0.028649  0.020100  0.014113  ...           1.174072 -1.919924  20.613749      0.000000          0.000000
9       117.588867  0.983838       0.021701  0.013206  0.014318  ...           1.940430 -1.894750  30.369400      0.000000          0.000000
10      199.862701  0.963741       0.023287  0.022120  0.020432  ...           1.334961  2.150228   8.735653      0.000000          0.000000
11      104.165665  0.918001       0.029523  0.017426  0.024374  ...           3.579590 -2.015822  28.250082      0.000000          0.000000
12      169.974579  0.935675       0.025240  0.015052  0.021559  ...           0.338379 -1.933544   6.652103      0.000000          0.000000
13       72.135887  0.997219       0.019640  0.004667  0.008347  ...           0.000000  1.582054   1.186119      0.000000          0.000000
14      131.332062  0.954588       0.022942  0.015166  0.064953  ...           1.790039  1.958232  22.870604      0.000000          0.000000
15      207.066742  0.981608       0.022322  0.015708  0.009962  ...           1.195312  1.868966  16.036724      0.000000          0.000000
16      106.672089  0.943004       0.023107  0.014558  0.037769  ...           1.781250 -2.036434  10.405606      0.000000          0.000000
17       63.341576  0.952253       0.032117  0.015641  0.015412  ...           1.396484 -1.818493  15.984784      0.000000          0.000000
18      189.824570  0.970791       0.021755  0.020016  0.021761  ...           1.933594 -2.367956  18.664972      0.000000          0.000000
19      160.211334  0.976016       0.022393  0.019698  0.013528  ...           3.127686 -2.047497  18.193926      0.000000          0.000000
20       59.097694  0.825727       0.026283  0.010502  0.019750  ...           1.411133  1.706270  16.456573      0.000000          0.000000
21      124.774437  0.963143       0.023731  0.013606  0.030721  ...           2.885742  1.891615  12.531920      0.000000          0.000000
22       82.295448  0.989526       0.022413  0.010994  0.012854  ...           2.306641 -1.733770  23.934702      0.000000          0.000000
23      109.363480  0.926333       0.023528  0.013132  0.022313  ...           1.121094  1.756509   7.156217      0.000000          0.000000
24      211.502167  0.943393       0.021526  0.020058  0.030681  ...           1.790283 -2.227000  26.426573      3.639616          0.032996
25       93.091492  0.903305       0.025845  0.013715  0.020727  ...           1.419922  1.756323  25.848162      6.764905          0.119750
26      170.168823  0.959753       0.025104  0.019979  0.020650  ...           2.591797  2.126696  18.920332     10.138688          0.018937
27      107.130829  0.985283       0.025506  0.011793  0.016055  ...           2.927734  1.948988  11.348601      3.606352          0.107431
28       57.078308  0.871831       0.024979  0.011141  0.035125  ...           7.403809 -1.724164  24.093807      6.839650          0.125632
29      172.732513  0.975650       0.021792  0.015455  0.018837  ...           4.560303 -2.227962  21.114019      2.257843          0.012037
...            ...       ...            ...       ...       ...  ...                ...       ...        ...           ...               ...
821781  255.886490  0.929660       0.029085  0.028731  0.041581  ...           0.785645 -2.451936  24.849356      2.848965          0.022249
821782  227.161758  0.957884       0.022151  0.016282  0.035775  ...           4.161621 -1.936021  23.372931      3.427937          0.040230
821783  267.450531  0.985189       0.026152  0.008079  0.008103  ...           0.404785  1.634278   5.576868      0.453399          0.000000
821784  305.249207  0.960956       0.024683  0.018229  0.022860  ...           1.443359 -2.242033  17.063892      3.330716          0.048109
821785  187.137573  0.965008       0.023928  0.017029  0.016959  ...           1.229492 -2.001542  32.961189      2.825317          0.017326
821786  227.977737  0.965231       0.023938  0.017526  0.015217  ...           2.162842  1.952551  15.007414      9.670390          0.028513
821787  138.054504  0.952868       0.026478  0.020842  0.021942  ...           1.312500  2.124226  18.054571      3.306581          0.125318
821788  287.285980  0.924690       0.025795  0.036455  0.034935  ...           5.099609 -2.438636  39.314518      2.855274          0.030444
821789  208.998749  0.976687       0.022735  0.014257  0.013190  ...           0.402100  1.813790  14.623695      3.293802          0.003774
821790  133.640900  0.865375       0.024123  0.013251  0.024197  ...           0.933105  1.711352  23.142233      6.811840          0.129783
821791  208.829285  0.974792       0.025504  0.020270  0.018729  ...           3.485352 -2.273935  25.752499      1.766497          0.018421
821792  577.300110  0.954026       0.024835  0.028420  0.033349  ...           1.613770 -2.471089  23.702654      3.174350          0.030315
821793  255.020325  0.962949       0.020480  0.015689  0.019296  ...           0.533203 -2.137784  12.359044      4.261981          0.067749
821794  101.091949  0.978988       0.026781  0.010272  0.010114  ...           0.664062 -1.635169  19.818027      1.326504          0.000000
821795  179.463959  0.947317       0.026015  0.015825  0.063336  ...           3.202148 -1.928533  23.008169      5.666681          0.040418
821796  295.559662  0.965288       0.026428  0.016239  0.015251  ...           1.190430  1.993658  16.542053      2.431979          0.025317
821797  398.565033  0.963154       0.022783  0.025965  0.014416  ...           1.584961 -2.251229  17.666367      0.000000          0.001687
821798  105.906281  1.000000       0.023727  0.007810  0.008399  ...           1.691406  1.704880  28.057938      3.021382          0.010784
821799  108.026825  0.980037       0.026489  0.013176  0.014245  ...           3.658203 -1.901129  15.143565      2.684200          0.005117
821800  120.293846  0.976973       0.025099  0.015452  0.013203  ...           1.111328  1.927286  31.988230      0.000000          0.003979
821801  177.347504  0.957886       0.022877  0.009212  0.013067  ...           2.608398  1.652157   9.476657      8.060336          0.035769
821802  185.257248  0.965937       0.026269  0.019275  0.022786  ...           1.088379  2.193588  38.760258      4.769619          0.084460
821803  189.683624  0.896129       0.022369  0.010394  0.024404  ...           1.568848  1.613531   8.242334      3.563329          0.000000
821804  138.983307  0.950225       0.027841  0.017900  0.022290  ...           2.549805  2.091596  11.799234      5.100626          0.056881
821805  132.638046  0.976980       0.025241  0.016279  0.011423  ...           0.588379 -1.837507  34.711273      2.801539          0.030483
821806   82.212715  0.935260       0.026806  0.019601  0.019616  ...           0.220093 -1.933910  13.948171      3.968546          0.156597
821807  175.106079  0.874823       0.022276  0.014094  0.028559  ...           2.458984 -1.728721  26.061647      7.425545          0.049061
821808  275.228088  0.910836       0.025545  0.012540  0.029238  ...           1.329102 -1.648992  18.897058      4.264640          0.010919
821809  250.138718  0.981277       0.023265  0.015082  0.014952  ...           1.365234  2.087140  14.003802      9.000000          0.002660
821810  122.317322  0.967775       0.026267  0.010744  0.013696  ...           1.790039  1.722221  20.550659      4.023153          0.056972

[821811 rows x 14 columns]
df_f =             SCRawE        r9  sigmaIetaIeta  etaWidth  phiWidth  ...  chgIsoWrtWorstVtx     scEta        rho  esEffSigmaRR  esEnergyOverRawE
0       110.726006  0.939986       0.030822  0.024208  0.022812  ...           1.239258 -2.191050  22.115641      0.000000          0.000000
1       115.494728  0.929023       0.033715  0.025176  0.027046  ...           0.848389 -2.374028   9.284255      0.000000          0.000000
2        89.397194  0.950379       0.025753  0.018359  0.021748  ...           2.090332 -2.019641  17.616125      0.000000          0.000000
3        72.318825  0.940019       0.025994  0.016244  0.018434  ...           1.814209  1.903810  11.647137      0.000000          0.000000
4        96.257736  0.981843       0.032554  0.016822  0.018525  ...           5.323608  2.056930  20.433762      0.000000          0.000000
5        65.192993  0.977539       0.026943  0.009505  0.009200  ...           0.615723 -1.647656   9.372698      0.000000          0.000000
6       114.122597  0.949352       0.023935  0.020165  0.040731  ...           2.711426 -2.431517   3.815798      0.000000          0.000000
7        72.640633  0.994722       0.024100  0.012851  0.009971  ...           4.773438  1.732464   6.913640      0.000000          0.000000
8       115.358002  0.974972       0.030798  0.018878  0.015856  ...           3.378906  1.957796  17.819042      0.000000          0.000000
9        84.259163  0.885092       0.022463  0.009772  0.045350  ...           3.355469 -1.654684  14.510058      0.000000          0.000000
10       67.570557  0.902856       0.024681  0.020599  0.100052  ...           0.667480 -1.914256  10.798267      7.960646          0.158356
11      102.754677  0.961246       0.027850  0.013588  0.016244  ...           4.971680  1.819738  20.871365      3.557827          0.110742
12      114.305542  0.952113       0.025966  0.017941  0.031318  ...           1.823242 -2.018438  36.029125      3.521837          0.027330
13      124.054550  0.956947       0.024238  0.027290  0.029809  ...           3.200439 -2.423583  12.777252      0.000000          0.000000
14       63.157024  0.892264       0.027254  0.011229  0.046585  ...           3.699707 -1.647514  19.505722      0.000000          0.000000
15       85.712021  0.917048       0.030321  0.024337  0.026594  ...           6.726562 -2.194063  16.358118      0.000000          0.000000
16       86.037117  0.948459       0.026126  0.018699  0.019249  ...           7.134766 -1.947646  15.451797      0.000000          0.000000
17       67.205147  0.955059       0.026952  0.019415  0.023682  ...           4.114746 -2.031855  31.498236      0.000000          0.000000
18       75.988770  0.908057       0.023997  0.008331  0.020730  ...           4.716309 -1.695330  10.301259      0.000000          0.000000
19      119.790291  0.945270       0.033201  0.037005  0.037000  ...           1.188110  2.412354  10.073302      0.000000          0.000000
20       51.748615  0.985733       0.021824  0.010435  0.009845  ...           2.927246  1.634309  12.613853      0.000000          0.000000
21       76.972450  0.922189       0.024905  0.013283  0.023213  ...           1.376953  1.947273  11.485258      0.000000          0.000000
22      129.922546  0.875500       0.031418  0.037759  0.046791  ...           2.654785  2.399914  27.062975      0.000000          0.000000
23       61.507042  0.910029       0.028686  0.013648  0.036816  ...           1.470703 -1.747611  13.408038      0.000000          0.000000
24       94.540710  0.929241       0.027533  0.016968  0.024291  ...           2.568359  1.999616   9.523191      0.000000          0.000000
25       96.570030  0.902350       0.022018  0.022976  0.063877  ...           2.158203  1.997590  22.573338      0.000000          0.000000
26      116.288948  0.997960       0.029277  0.018041  0.021645  ...           2.607422  2.338059  23.771395      0.000000          0.000000
27      127.122032  0.816710       0.034059  0.030512  0.054621  ...           3.917236 -2.426498  13.108916      0.000000          0.000000
28      102.170883  0.878298       0.023299  0.025029  0.057721  ...           1.146484  2.170275  11.945937      0.000000          0.000000
29      112.814537  0.873776       0.033678  0.023696  0.046843  ...           9.804688 -2.074129  24.423025      0.000000          0.000000
...            ...       ...            ...       ...       ...  ...                ...       ...        ...           ...               ...
257788   64.863403  0.852440       0.032453  0.014146  0.024633  ...           4.759033  1.633518  25.024162      0.000000          0.000000
257789   86.790642  0.884694       0.022524  0.009660  0.037767  ...          13.224609  1.612951  37.976486      0.000000          0.000000
257790  107.907822  0.955707       0.028330  0.015629  0.019014  ...           6.011719  1.981500  24.419367      4.507311          0.016539
257791  131.925140  0.945663       0.024277  0.019303  0.028167  ...           4.233887  2.097893  14.533792      5.340400          0.042000
257792   90.480751  0.910406       0.022867  0.009094  0.029317  ...           1.988770 -1.658876  23.178438      8.996458          0.036869
257793   78.516724  0.872412       0.025206  0.012619  0.034361  ...           2.258789  1.720327  16.909653      6.146486          0.065789
257794  189.811111  0.878959       0.031842  0.035556  0.046712  ...           2.473145 -2.357392  23.324350      7.440065          0.077674
257795   60.419060  0.994705       0.025597  0.009773  0.011524  ...           4.769531 -1.691989  17.576801      2.662325          0.023551
257796  244.258682  0.937373       0.027357  0.024307  0.042057  ...           7.479980 -2.447086  21.161842      5.395791          0.024359
257797  152.879990  0.909479       0.029887  0.025333  0.030299  ...           2.724609 -2.115462  17.855450      7.724843          0.029411
257798  145.386612  0.959872       0.027478  0.020862  0.020378  ...           1.870850 -2.209601  28.691748      3.376579          0.008015
257799  156.291473  0.950455       0.022842  0.009342  0.020921  ...           1.568359 -1.639190  19.474649      0.000000          0.001255
257800   81.406204  0.959527       0.024218  0.011138  0.014051  ...           3.770752  1.594904  13.344704      0.000000          0.000000
257801  117.300957  0.911389       0.034891  0.035176  0.026284  ...          10.284180 -2.282423  25.229452      4.385603          0.074010
257802   62.490807  0.914713       0.030410  0.021126  0.033542  ...           1.659668  1.934821  15.572404      4.615250          0.086491
257803  359.183746  0.838555       0.029160  0.027551  0.035504  ...           3.482422 -2.243016  17.584629      7.849872          0.031338
257804  406.691956  0.893454       0.028505  0.026899  0.048444  ...           9.241211  2.173076  18.187355      6.947339          0.042611
257805   40.522476  0.858858       0.024362  0.009137  0.064744  ...           4.125977 -1.611129  27.571985      0.000000          0.000000
257806  134.760712  0.987151       0.029736  0.009845  0.009190  ...           3.972656  1.625351  18.023994      0.000000          0.000000
257807  116.379631  0.882656       0.033504  0.023645  0.044306  ...           5.807617 -2.130867  23.372931      4.984469          0.089019
257808  156.635544  0.911284       0.025426  0.027259  0.032683  ...           1.874756 -2.165136  33.365440      7.520576          0.124537
257809   69.303642  0.907363       0.027406  0.015037  0.060706  ...           0.932129 -1.724509  20.292400      7.671814          0.160903
257810   61.766300  0.909070       0.024727  0.009149  0.013795  ...           2.536133  1.594528  25.271563      0.000000          0.000000
257811   68.133629  0.837337       0.031188  0.014489  0.022373  ...           8.843750  1.677736  31.303871      6.501345          0.076250
257812  169.785828  0.959101       0.024677  0.015700  0.019098  ...           0.592773  2.150071  13.852558      3.339826          0.014556
257813  129.953644  0.910576       0.030431  0.030092  0.038786  ...           0.418457  2.358713   8.242334      7.876060          0.046504
257814  237.099106  0.949209       0.023356  0.008968  0.015388  ...           2.474854  1.612303  32.318409      3.358068          0.000000
257815  167.010864  0.939252       0.021880  0.035253  0.029775  ...           0.280029  2.463187  17.514862      3.178558          0.045485
257816  153.361481  0.824911       0.032871  0.028984  0.050386  ...           1.583008 -2.385666  18.249828      8.257534          0.035129
257817  123.570938  0.939931       0.031570  0.021035  0.026036  ...           3.837891  2.117944  20.550659      9.368263          0.037893

[257818 rows x 14 columns]
SCRawE_p = [array([156.88249, 130.55109, 112.99916, ..., 275.2281 , 250.13872,
       122.31732], dtype=float32)]
r9_p = [array([0.9704915 , 0.95076656, 0.98953944, ..., 0.91083556, 0.9812768 ,
       0.9677745 ], dtype=float32)]
sigmaIetaIeta_p = [array([0.02407693, 0.02263993, 0.02687866, ..., 0.02554545, 0.02326532,
       0.02626673], dtype=float32)]
etaWidth_p = [array([0.01922983, 0.0223353 , 0.01414164, ..., 0.01254042, 0.01508182,
       0.01074364], dtype=float32)]
phiWidth_p = [array([0.02150744, 0.01905004, 0.01137277, ..., 0.02923793, 0.01495215,
       0.01369576], dtype=float32)]
covIEtaIPhi_p = [array([-2.5900075e-04, -2.3904086e-05, -2.2348641e-04, ...,
       -4.6699402e-05,  1.4599807e-04, -1.4524226e-04], dtype=float32)]
s4_p = [array([0.9442357 , 0.9203551 , 0.932719  , ..., 0.88610107, 0.941174  ,
       0.87553024], dtype=float32)]
phoIso03_p = [array([0.40429688, 0.        , 0.        , ..., 0.35595703, 0.38513184,
       0.62060547], dtype=float32)]
chgIsoWrtChosenVtx_p = [array([0.9621582, 0.       , 0.       , ..., 0.       , 0.       ,
       0.       ], dtype=float32)]
chgIsoWrtWorstVtx_p = [array([1.3679199 , 1.6123047 , 0.97924805, ..., 1.3291016 , 1.3652344 ,
       1.7900391 ], dtype=float32)]
scEta_p = [array([-2.1377385,  2.1014092, -2.003626 , ..., -1.6489923,  2.0871396,
        1.7222205], dtype=float32)]
rho_p = [array([26.643995, 28.998392,  7.747541, ..., 18.897058, 14.003802,
       20.55066 ], dtype=float32)]
esEffSigmaRR_p = [array([0.       , 0.       , 0.       , ..., 4.2646403, 9.       ,
       4.0231533], dtype=float32)]
esEnergyOverRawE_p = [array([0.        , 0.        , 0.        , ..., 0.0109193 , 0.00266035,
       0.05697171], dtype=float32)]
SCRawE_f = [array([110.726006, 115.49473 ,  89.397194, ..., 167.01086 , 153.36148 ,
       123.57094 ], dtype=float32)]
r9_f = [array([0.93998605, 0.92902327, 0.95037895, ..., 0.93925184, 0.82491064,
       0.9399311 ], dtype=float32)]
sigmaIetaIeta_f [array([0.03082159, 0.03371504, 0.02575321, ..., 0.02187958, 0.03287088,
       0.03156961], dtype=float32)]
etaWidth_f = [array([0.02420845, 0.02517619, 0.01835881, ..., 0.03525265, 0.02898437,
       0.02103528], dtype=float32)]
phiWidth_f = [array([0.02281249, 0.02704566, 0.02174791, ..., 0.02977509, 0.05038559,
       0.02603592], dtype=float32)]
covIEtaIPhi_f = [array([-0.00025343, -0.00057387, -0.00033592, ...,  0.0001675 ,
       -0.00060084,  0.00037683], dtype=float32)]
s4_f = [array([0.8777895 , 0.84597313, 0.87104255, ..., 0.89688194, 0.73025733,
       0.84059733], dtype=float32)]
phoIso03_f = [array([0.7597656, 2.2890625, 0.       , ..., 0.       , 5.301758 ,
       3.440918 ], dtype=float32)]
chgIsoWrtChosenVtx_f = [array([0.22155762, 0.8483887 , 0.69140625, ..., 0.2800293 , 0.        ,
       3.8378906 ], dtype=float32)]
chgIsoWrtWorstVtx_f = [array([1.2392578, 0.8483887, 2.090332 , ..., 0.2800293, 1.5830078,
       3.8378906], dtype=float32)]
scEta_f = [array([-2.1910498, -2.374028 , -2.0196412, ...,  2.4631875, -2.3856661,
        2.1179445], dtype=float32)]
rho_f = [array([22.11564 ,  9.284255, 17.616125, ..., 17.514862, 18.249828,
       20.55066 ], dtype=float32)]
esEffSigmaRR_f = [array([0.       , 0.       , 0.       , ..., 3.1785583, 8.257534 ,
       9.368263 ], dtype=float32)]
esEnergyOverRawE_f = [array([0.        , 0.        , 0.        , ..., 0.04548515, 0.03512925,
       0.03789271], dtype=float32)]
